Using pre-set license
Built from '2020.3/staging' branch; Version is '2020.3.16f1 (049d6eca3c44) revision 302446'; Using compiler version '192528614'; Build Type 'Release'
OS: 'Windows 10 Pro; OS build 19043.1348; Version 2009; 64bit' Language: 'en' Physical Memory: 16348 MB
BatchMode: 1, IsHumanControllingUs: 0, StartBugReporterOnCrash: 0, Is64bit: 1, IsPro: 0

 COMMAND LINE ARGUMENTS:
C:\Program Files\Unity\Hub\Editor\2020.3.16f1\Editor\Unity.exe
-adb2
-batchMode
-noUpm
-name
AssetImportWorker0
-projectPath
D:/Fumple Desktop/Development Projects/Unity Projects/Game-Off-Game-Jam/Unity/Game Off Game Jam
-logFile
Logs/AssetImportWorker0.log
-srvPort
61459
Successfully changed project path to: D:/Fumple Desktop/Development Projects/Unity Projects/Game-Off-Game-Jam/Unity/Game Off Game Jam
D:/Fumple Desktop/Development Projects/Unity Projects/Game-Off-Game-Jam/Unity/Game Off Game Jam
Using Asset Import Pipeline V2.
Default GameObject BitMask: UI already registered

Refreshing native plugins compatible for Editor in 110.36 ms, found 3 plugins.
Preloading 0 native plugins for Editor in 0.00 ms.
Initialize engine version: 2020.3.16f1 (049d6eca3c44)
[Subsystems] Discovering subsystems at path C:/Program Files/Unity/Hub/Editor/2020.3.16f1/Editor/Data/Resources/UnitySubsystems
[Subsystems] Discovering subsystems at path D:/Fumple Desktop/Development Projects/Unity Projects/Game-Off-Game-Jam/Unity/Game Off Game Jam/Assets
GfxDevice: creating device client; threaded=0
Direct3D:
    Version:  Direct3D 11.0 [level 11.1]
    Renderer: NVIDIA GeForce GTX 1050 Ti (ID=0x1c82)
    Vendor:   
    VRAM:     4018 MB
    Driver:   27.21.14.5671
Shader 'Universal Render Pipeline/Particles/Lit': fallback shader 'Universal Render Pipeline/Particles/SimpleLit' not found
Initialize mono
Mono path[0] = 'C:/Program Files/Unity/Hub/Editor/2020.3.16f1/Editor/Data/Managed'
Mono path[1] = 'C:/Program Files/Unity/Hub/Editor/2020.3.16f1/Editor/Data/MonoBleedingEdge/lib/mono/unityjit'
Mono config path = 'C:/Program Files/Unity/Hub/Editor/2020.3.16f1/Editor/Data/MonoBleedingEdge/etc'
Using monoOptions --debugger-agent=transport=dt_socket,embedding=1,server=y,suspend=n,address=127.0.0.1:56300
Begin MonoManager ReloadAssembly
Registering precompiled unity dll's ...
Register platform support module: C:/Program Files/Unity/Hub/Editor/2020.3.16f1/Editor/Data/PlaybackEngines/WebGLSupport/UnityEditor.WebGL.Extensions.dll
Register platform support module: C:/Program Files/Unity/Hub/Editor/2020.3.16f1/Editor/Data/PlaybackEngines/WindowsStandaloneSupport/UnityEditor.WindowsStandalone.Extensions.dll
Registered in 0.003473 seconds.
Native extension for WindowsStandalone target not found
Native extension for WebGL target not found
Refreshing native plugins compatible for Editor in 89.81 ms, found 3 plugins.
Preloading 0 native plugins for Editor in 0.00 ms.
Mono: successfully reloaded assembly
- Completed reload, in  1.395 seconds
Domain Reload Profiling:
	ReloadAssembly (1395ms)
		BeginReloadAssembly (88ms)
			ExecutionOrderSort (0ms)
			DisableScriptedObjects (0ms)
			BackupInstance (0ms)
			ReleaseScriptingObjects (0ms)
			CreateAndSetChildDomain (1ms)
		EndReloadAssembly (550ms)
			LoadAssemblies (85ms)
			RebuildTransferFunctionScriptingTraits (0ms)
			SetupTypeCache (188ms)
			ReleaseScriptCaches (0ms)
			RebuildScriptCaches (39ms)
			SetupLoadedEditorAssemblies (236ms)
				LogAssemblyErrors (0ms)
				InitializePlatformSupportModulesInManaged (7ms)
				SetLoadedEditorAssemblies (0ms)
				RefreshPlugins (90ms)
				BeforeProcessingInitializeOnLoad (19ms)
				ProcessInitializeOnLoadAttributes (88ms)
				ProcessInitializeOnLoadMethodAttributes (32ms)
				AfterProcessingInitializeOnLoad (0ms)
				EditorAssembliesLoaded (0ms)
			ExecutionOrderSort2 (0ms)
			AwakeInstancesAfterBackupRestoration (0ms)
Platform modules already initialized, skipping
Registering precompiled user dll's ...
Registered in 0.010755 seconds.
Begin MonoManager ReloadAssembly
Native extension for WindowsStandalone target not found
Native extension for WebGL target not found
Refreshing native plugins compatible for Editor in 93.56 ms, found 3 plugins.
Preloading 0 native plugins for Editor in 0.00 ms.
Mono: successfully reloaded assembly
- Completed reload, in  1.723 seconds
Domain Reload Profiling:
	ReloadAssembly (1724ms)
		BeginReloadAssembly (177ms)
			ExecutionOrderSort (0ms)
			DisableScriptedObjects (6ms)
			BackupInstance (0ms)
			ReleaseScriptingObjects (0ms)
			CreateAndSetChildDomain (21ms)
		EndReloadAssembly (1467ms)
			LoadAssemblies (139ms)
			RebuildTransferFunctionScriptingTraits (0ms)
			SetupTypeCache (410ms)
			ReleaseScriptCaches (1ms)
			RebuildScriptCaches (69ms)
			SetupLoadedEditorAssemblies (692ms)
				LogAssemblyErrors (0ms)
				InitializePlatformSupportModulesInManaged (5ms)
				SetLoadedEditorAssemblies (0ms)
				RefreshPlugins (94ms)
				BeforeProcessingInitializeOnLoad (149ms)
				ProcessInitializeOnLoadAttributes (422ms)
				ProcessInitializeOnLoadMethodAttributes (16ms)
				AfterProcessingInitializeOnLoad (6ms)
				EditorAssembliesLoaded (0ms)
			ExecutionOrderSort2 (0ms)
			AwakeInstancesAfterBackupRestoration (10ms)
Platform modules already initialized, skipping
========================================================================
Worker process is ready to serve import requests
Default GameObject BitMask: UI already registered

Shader 'Universal Render Pipeline/Particles/Lit': fallback shader 'Universal Render Pipeline/Particles/SimpleLit' not found
Launched and connected shader compiler UnityShaderCompiler.exe after 0.10 seconds
Refreshing native plugins compatible for Editor in 0.78 ms, found 3 plugins.
Preloading 0 native plugins for Editor in 0.00 ms.
Unloading 3684 Unused Serialized files (Serialized files now loaded: 0)
System memory in use before: 158.2 MB.
System memory in use after: 158.4 MB.

Unloading 31 unused Assets to reduce memory usage. Loaded Objects now: 4120.
Total: 4.590800 ms (FindLiveObjects: 0.353300 ms CreateObjectMapping: 0.196700 ms MarkObjects: 3.902300 ms  DeleteObjects: 0.137100 ms)

AssetImportParameters requested are different than current active one (requested -> active):
  custom:framework-win-MediaFoundation: 216162199b28c13a410421893ffa2e32 -> 
  custom:video-decoder-ogg-theora: a1e56fd34408186e4bbccfd4996cb3dc -> 
  custom:container-muxer-webm: aa71ff27fc2769a1b78a27578f13a17b -> 
  custom:container-demuxer-webm: 4f35f7cbe854078d1ac9338744f61a02 -> 
  custom:container-demuxer-ogg: 62fdf1f143b41e24485cea50d1cbac27 -> 
  custom:video-encoder-webm-vp8: eb34c28f22e8b96e1ab97ce403110664 -> 
  custom:video-decoder-webm-vp8: 9c59270c3fd7afecdb556c50c9e8de78 -> 
  custom:audio-decoder-ogg-vorbis: bf7c407c2cedff20999df2af8eb42d56 -> 
  custom:audio-encoder-webm-vorbis: bf7c407c2cedff20999df2af8eb42d56 -> 
========================================================================
Received Import Request.
  path: Assets/Sprites/Environment/Background tiles GREEN.png
  artifactKey: Guid(c017bf48bbb457f419dc4b0f7b51c618) Importer(815301076,1909f56bfc062723c751e8b465ee728b)
Start importing Assets/Sprites/Environment/Background tiles GREEN.png using Guid(c017bf48bbb457f419dc4b0f7b51c618) Importer(815301076,1909f56bfc062723c751e8b465ee728b)  -> (artifact id: '7fb6fbee85750fee394c9b3ffef5bf30') in 0.174206 seconds 
  Import took 0.181268 seconds .

========================================================================
Received Import Request.
  Time since last request: 0.000376 seconds.
  path: Assets/Sprites/Environment/Background tiles DARK.png
  artifactKey: Guid(1ffdecd444fed574687197b9aa1e60ef) Importer(815301076,1909f56bfc062723c751e8b465ee728b)
Start importing Assets/Sprites/Environment/Background tiles DARK.png using Guid(1ffdecd444fed574687197b9aa1e60ef) Importer(815301076,1909f56bfc062723c751e8b465ee728b)  -> (artifact id: '8ed74eb7c4ec7ab7c800dce0f05681f0') in 0.048590 seconds 
  Import took 0.058032 seconds .

========================================================================
Received Import Request.
  Time since last request: 23.170970 seconds.
  path: Assets/Sprites/Environment/Background tiles GREEN.png
  artifactKey: Guid(c017bf48bbb457f419dc4b0f7b51c618) Importer(815301076,1909f56bfc062723c751e8b465ee728b)
Start importing Assets/Sprites/Environment/Background tiles GREEN.png using Guid(c017bf48bbb457f419dc4b0f7b51c618) Importer(815301076,1909f56bfc062723c751e8b465ee728b)  -> (artifact id: '46e41d0dab3cb7e7aa61a279c63e2539') in 0.112732 seconds 
  Import took 0.120324 seconds .

========================================================================
Received Import Request.
  Time since last request: 5.121183 seconds.
  path: Assets/Sprites/Environment/Background tiles GREEN.png
  artifactKey: Guid(c017bf48bbb457f419dc4b0f7b51c618) Importer(815301076,1909f56bfc062723c751e8b465ee728b)
Start importing Assets/Sprites/Environment/Background tiles GREEN.png using Guid(c017bf48bbb457f419dc4b0f7b51c618) Importer(815301076,1909f56bfc062723c751e8b465ee728b)  -> (artifact id: '42e2ef007e490133c112252f624eefd3') in 0.059606 seconds 
  Import took 0.092772 seconds .

========================================================================
Received Import Request.
  Time since last request: 55.177390 seconds.
  path: Assets/Sprites/Environment/Background tiles GREEN.png
  artifactKey: Guid(c017bf48bbb457f419dc4b0f7b51c618) Importer(815301076,1909f56bfc062723c751e8b465ee728b)
Start importing Assets/Sprites/Environment/Background tiles GREEN.png using Guid(c017bf48bbb457f419dc4b0f7b51c618) Importer(815301076,1909f56bfc062723c751e8b465ee728b)  -> (artifact id: 'b4da361c2c4234909cc8f1fe87c5fd2b') in 0.048453 seconds 
  Import took 0.056349 seconds .

========================================================================
Received Import Request.
  Time since last request: 9.647079 seconds.
  path: Assets/Sprites/Environment/Background tiles GREEN.png
  artifactKey: Guid(c017bf48bbb457f419dc4b0f7b51c618) Importer(815301076,1909f56bfc062723c751e8b465ee728b)
Start importing Assets/Sprites/Environment/Background tiles GREEN.png using Guid(c017bf48bbb457f419dc4b0f7b51c618) Importer(815301076,1909f56bfc062723c751e8b465ee728b)  -> (artifact id: 'b5fc6d71b62eea04000d51220e8bedab') in 0.057864 seconds 
  Import took 0.066629 seconds .

========================================================================
Received Import Request.
  Time since last request: 46.555629 seconds.
  path: Assets/Sprites/Environment/Background tiles GREEN.png
  artifactKey: Guid(c017bf48bbb457f419dc4b0f7b51c618) Importer(815301076,1909f56bfc062723c751e8b465ee728b)
Start importing Assets/Sprites/Environment/Background tiles GREEN.png using Guid(c017bf48bbb457f419dc4b0f7b51c618) Importer(815301076,1909f56bfc062723c751e8b465ee728b)  -> (artifact id: '8194a1380b16222cd87a14c555b3898b') in 0.053791 seconds 
  Import took 0.061612 seconds .

========================================================================
Received Import Request.
  Time since last request: 12.374885 seconds.
  path: Assets/Sprites/Environment/Background tiles GREEN.png
  artifactKey: Guid(c017bf48bbb457f419dc4b0f7b51c618) Importer(815301076,1909f56bfc062723c751e8b465ee728b)
Start importing Assets/Sprites/Environment/Background tiles GREEN.png using Guid(c017bf48bbb457f419dc4b0f7b51c618) Importer(815301076,1909f56bfc062723c751e8b465ee728b)  -> (artifact id: 'ea08e8804f94dbc21ac6062887e35195') in 0.064611 seconds 
  Import took 0.089754 seconds .

========================================================================
Received Import Request.
  Time since last request: 4.344535 seconds.
  path: Assets/Sprites/Environment/Background tiles GREEN.png
  artifactKey: Guid(c017bf48bbb457f419dc4b0f7b51c618) Importer(815301076,1909f56bfc062723c751e8b465ee728b)
Start importing Assets/Sprites/Environment/Background tiles GREEN.png using Guid(c017bf48bbb457f419dc4b0f7b51c618) Importer(815301076,1909f56bfc062723c751e8b465ee728b)  -> (artifact id: '2ced7e36396895c0c4be1333e2671e7c') in 0.059480 seconds 
  Import took 0.067569 seconds .

========================================================================
Received Import Request.
  Time since last request: 6.593826 seconds.
  path: Assets/Sprites/Environment/Background tiles GREEN.png
  artifactKey: Guid(c017bf48bbb457f419dc4b0f7b51c618) Importer(815301076,1909f56bfc062723c751e8b465ee728b)
Start importing Assets/Sprites/Environment/Background tiles GREEN.png using Guid(c017bf48bbb457f419dc4b0f7b51c618) Importer(815301076,1909f56bfc062723c751e8b465ee728b)  -> (artifact id: '89d777bc6aa387597fad063f48d2ffd6') in 0.063876 seconds 
  Import took 0.071798 seconds .

========================================================================
Received Import Request.
  Time since last request: 29.648836 seconds.
  path: Assets/Sprites/Environment/Background tiles GREEN.png
  artifactKey: Guid(c017bf48bbb457f419dc4b0f7b51c618) Importer(815301076,1909f56bfc062723c751e8b465ee728b)
Start importing Assets/Sprites/Environment/Background tiles GREEN.png using Guid(c017bf48bbb457f419dc4b0f7b51c618) Importer(815301076,1909f56bfc062723c751e8b465ee728b)  -> (artifact id: 'efea391152252dfe8b76ba1cafb4d726') in 0.052331 seconds 
  Import took 0.080562 seconds .

========================================================================
Received Import Request.
  Time since last request: 4.280905 seconds.
  path: Assets/Sprites/Environment/Background tiles GREEN.png
  artifactKey: Guid(c017bf48bbb457f419dc4b0f7b51c618) Importer(815301076,1909f56bfc062723c751e8b465ee728b)
Start importing Assets/Sprites/Environment/Background tiles GREEN.png using Guid(c017bf48bbb457f419dc4b0f7b51c618) Importer(815301076,1909f56bfc062723c751e8b465ee728b)  -> (artifact id: '65c57efeecaa0e7170c85805fc5f07e7') in 0.057089 seconds 
  Import took 0.066589 seconds .

========================================================================
Received Import Request.
  Time since last request: 15.692222 seconds.
  path: Assets/Sprites/Environment/Background tiles GREEN.png
  artifactKey: Guid(c017bf48bbb457f419dc4b0f7b51c618) Importer(815301076,1909f56bfc062723c751e8b465ee728b)
Start importing Assets/Sprites/Environment/Background tiles GREEN.png using Guid(c017bf48bbb457f419dc4b0f7b51c618) Importer(815301076,1909f56bfc062723c751e8b465ee728b)  -> (artifact id: '8ff5930a3d496c65e1c36b28af9b1476') in 0.087142 seconds 
  Import took 0.095548 seconds .

========================================================================
Received Import Request.
  Time since last request: 19.932077 seconds.
  path: Assets/Sprites/Environment/Background tiles DARK.png
  artifactKey: Guid(1ffdecd444fed574687197b9aa1e60ef) Importer(815301076,1909f56bfc062723c751e8b465ee728b)
Start importing Assets/Sprites/Environment/Background tiles DARK.png using Guid(1ffdecd444fed574687197b9aa1e60ef) Importer(815301076,1909f56bfc062723c751e8b465ee728b)  -> (artifact id: '4888d7c6221d38d5d47a242722348e88') in 0.038900 seconds 
  Import took 0.046959 seconds .

========================================================================
Received Import Request.
  Time since last request: 8.184046 seconds.
  path: Assets/Sprites/Environment/Background tiles DARK.png
  artifactKey: Guid(1ffdecd444fed574687197b9aa1e60ef) Importer(815301076,1909f56bfc062723c751e8b465ee728b)
Start importing Assets/Sprites/Environment/Background tiles DARK.png using Guid(1ffdecd444fed574687197b9aa1e60ef) Importer(815301076,1909f56bfc062723c751e8b465ee728b)  -> (artifact id: 'ff4df4de77daf2df668bf9b0248a9d8b') in 0.070499 seconds 
  Import took 0.081648 seconds .

========================================================================
Received Prepare
Default GameObject BitMask: UI already registered

Registering precompiled user dll's ...
Registered in 0.009862 seconds.
Begin MonoManager ReloadAssembly
Native extension for WindowsStandalone target not found
Native extension for WebGL target not found
Refreshing native plugins compatible for Editor in 0.74 ms, found 3 plugins.
Preloading 0 native plugins for Editor in 0.00 ms.
Mono: successfully reloaded assembly
- Completed reload, in  1.629 seconds
Domain Reload Profiling:
	ReloadAssembly (1630ms)
		BeginReloadAssembly (160ms)
			ExecutionOrderSort (0ms)
			DisableScriptedObjects (7ms)
			BackupInstance (0ms)
			ReleaseScriptingObjects (0ms)
			CreateAndSetChildDomain (51ms)
		EndReloadAssembly (1365ms)
			LoadAssemblies (157ms)
			RebuildTransferFunctionScriptingTraits (0ms)
			SetupTypeCache (397ms)
			ReleaseScriptCaches (1ms)
			RebuildScriptCaches (57ms)
			SetupLoadedEditorAssemblies (596ms)
				LogAssemblyErrors (0ms)
				InitializePlatformSupportModulesInManaged (7ms)
				SetLoadedEditorAssemblies (0ms)
				RefreshPlugins (1ms)
				BeforeProcessingInitializeOnLoad (142ms)
				ProcessInitializeOnLoadAttributes (432ms)
				ProcessInitializeOnLoadMethodAttributes (7ms)
				AfterProcessingInitializeOnLoad (6ms)
				EditorAssembliesLoaded (0ms)
			ExecutionOrderSort2 (0ms)
			AwakeInstancesAfterBackupRestoration (16ms)
Platform modules already initialized, skipping
Shader 'Universal Render Pipeline/Particles/Lit': fallback shader 'Universal Render Pipeline/Particles/SimpleLit' not found
Refreshing native plugins compatible for Editor in 0.78 ms, found 3 plugins.
Preloading 0 native plugins for Editor in 0.00 ms.
Unloading 3567 Unused Serialized files (Serialized files now loaded: 0)
System memory in use before: 153.5 MB.
System memory in use after: 153.7 MB.

Unloading 18 unused Assets to reduce memory usage. Loaded Objects now: 4128.
Total: 5.590800 ms (FindLiveObjects: 0.407600 ms CreateObjectMapping: 0.241200 ms MarkObjects: 4.882800 ms  DeleteObjects: 0.057500 ms)

AssetImportParameters requested are different than current active one (requested -> active):
  custom:framework-win-MediaFoundation: 216162199b28c13a410421893ffa2e32 -> 
  custom:video-decoder-ogg-theora: a1e56fd34408186e4bbccfd4996cb3dc -> 
  custom:container-muxer-webm: aa71ff27fc2769a1b78a27578f13a17b -> 
  custom:container-demuxer-webm: 4f35f7cbe854078d1ac9338744f61a02 -> 
  custom:container-demuxer-ogg: 62fdf1f143b41e24485cea50d1cbac27 -> 
  custom:video-encoder-webm-vp8: eb34c28f22e8b96e1ab97ce403110664 -> 
  custom:video-decoder-webm-vp8: 9c59270c3fd7afecdb556c50c9e8de78 -> 
  custom:audio-decoder-ogg-vorbis: bf7c407c2cedff20999df2af8eb42d56 -> 
  custom:audio-encoder-webm-vorbis: bf7c407c2cedff20999df2af8eb42d56 -> 
========================================================================
Received Import Request.
  Time since last request: 199.827799 seconds.
  path: Assets/Sprites/Environment/Background tiles GREEN.png
  artifactKey: Guid(c017bf48bbb457f419dc4b0f7b51c618) Importer(815301076,1909f56bfc062723c751e8b465ee728b)
Start importing Assets/Sprites/Environment/Background tiles GREEN.png using Guid(c017bf48bbb457f419dc4b0f7b51c618) Importer(815301076,1909f56bfc062723c751e8b465ee728b)  -> (artifact id: 'a3b4af771eac242b9b05c861732880a7') in 0.157444 seconds 
  Import took 0.165628 seconds .

========================================================================
Received Import Request.
  Time since last request: 15.178195 seconds.
  path: Assets/Sprites/Environment/Background tiles GREEN.png
  artifactKey: Guid(c017bf48bbb457f419dc4b0f7b51c618) Importer(815301076,1909f56bfc062723c751e8b465ee728b)
Start importing Assets/Sprites/Environment/Background tiles GREEN.png using Guid(c017bf48bbb457f419dc4b0f7b51c618) Importer(815301076,1909f56bfc062723c751e8b465ee728b)  -> (artifact id: 'be7c8201e8006c5a686823021f1ab775') in 0.109116 seconds 
  Import took 0.118133 seconds .

========================================================================
Received Import Request.
  Time since last request: 120.357541 seconds.
  path: Assets/Sprites/Environment/Tilemaps
  artifactKey: Guid(6efa58be9542ef44a9c5f1d487938bda) Importer(815301076,1909f56bfc062723c751e8b465ee728b)
Start importing Assets/Sprites/Environment/Tilemaps using Guid(6efa58be9542ef44a9c5f1d487938bda) Importer(815301076,1909f56bfc062723c751e8b465ee728b)  -> (artifact id: '16c98edcd6a4655432bb12bf234a0d6d') in 0.010819 seconds 
  Import took 0.020016 seconds .

========================================================================
Received Import Request.
  Time since last request: 0.049090 seconds.
  path: Assets/Sprites/Environment/Tilemaps/Background tile.asset
  artifactKey: Guid(b4e130426e6a1854ebcd6571b5feef18) Importer(815301076,1909f56bfc062723c751e8b465ee728b)
Start importing Assets/Sprites/Environment/Tilemaps/Background tile.asset using Guid(b4e130426e6a1854ebcd6571b5feef18) Importer(815301076,1909f56bfc062723c751e8b465ee728b)  -> (artifact id: '10c01d8172b48d6b0b14c2af249a9592') in 0.043310 seconds 
  Import took 0.052453 seconds .

========================================================================
Received Import Request.
  Time since last request: 0.000363 seconds.
  path: Assets/Sprites/Environment/Tilemaps/floor_top_UPDATED.asset
  artifactKey: Guid(94f8ba2c547736c4ba19002704537fef) Importer(815301076,1909f56bfc062723c751e8b465ee728b)
Start importing Assets/Sprites/Environment/Tilemaps/floor_top_UPDATED.asset using Guid(94f8ba2c547736c4ba19002704537fef) Importer(815301076,1909f56bfc062723c751e8b465ee728b)  -> (artifact id: '7487a4e5d3181524cbf9e3665ceb898e') in 0.029427 seconds 
  Import took 0.041967 seconds .

========================================================================
Received Import Request.
  Time since last request: 0.000219 seconds.
  path: Assets/Sprites/Environment/Tilemaps/Background tiles GREEN.asset
  artifactKey: Guid(cc8ae0bf12948a343bf096823d3c106a) Importer(815301076,1909f56bfc062723c751e8b465ee728b)
Start importing Assets/Sprites/Environment/Tilemaps/Background tiles GREEN.asset using Guid(cc8ae0bf12948a343bf096823d3c106a) Importer(815301076,1909f56bfc062723c751e8b465ee728b)  -> (artifact id: '96c24b75997457e561e38ca64e54436c') in 0.014548 seconds 
  Import took 0.025320 seconds .

========================================================================
Received Import Request.
  Time since last request: 0.000269 seconds.
  path: Assets/Sprites/Environment/Tilemaps/floor_platform.asset
  artifactKey: Guid(aa127dae329771346b60ca833e658506) Importer(815301076,1909f56bfc062723c751e8b465ee728b)
Start importing Assets/Sprites/Environment/Tilemaps/floor_platform.asset using Guid(aa127dae329771346b60ca833e658506) Importer(815301076,1909f56bfc062723c751e8b465ee728b)  -> (artifact id: 'abb2206152728a19b50f03138d9c8ab8') in 0.044015 seconds 
  Import took 0.054722 seconds .

========================================================================
Received Import Request.
  Time since last request: 0.000294 seconds.
  path: Assets/Sprites/Environment/Tilemaps/firewall_danger_object_0.asset
  artifactKey: Guid(880d51759df80da44aaef053d838838f) Importer(815301076,1909f56bfc062723c751e8b465ee728b)
Start importing Assets/Sprites/Environment/Tilemaps/firewall_danger_object_0.asset using Guid(880d51759df80da44aaef053d838838f) Importer(815301076,1909f56bfc062723c751e8b465ee728b)  -> (artifact id: '8712194dae8bf010269ab6ac26327cb3') in 0.025944 seconds 
  Import took 0.051170 seconds .

========================================================================
Received Import Request.
  Time since last request: 0.000232 seconds.
  path: Assets/Sprites/Environment/Tilemaps/firewall_danger_object_2.asset
  artifactKey: Guid(ae6c205e7b5a9a44a83a47619f855c47) Importer(815301076,1909f56bfc062723c751e8b465ee728b)
Start importing Assets/Sprites/Environment/Tilemaps/firewall_danger_object_2.asset using Guid(ae6c205e7b5a9a44a83a47619f855c47) Importer(815301076,1909f56bfc062723c751e8b465ee728b)  -> (artifact id: '5f8eeb3a248b3a2038525ea5588f1140') in 0.022287 seconds 
  Import took 0.035390 seconds .

========================================================================
Received Import Request.
  Time since last request: 0.000220 seconds.
  path: Assets/Sprites/Environment/Tilemaps/firewall_danger_object_1.asset
  artifactKey: Guid(c297d4bb639b0db4da77f77af1d13762) Importer(815301076,1909f56bfc062723c751e8b465ee728b)
Start importing Assets/Sprites/Environment/Tilemaps/firewall_danger_object_1.asset using Guid(c297d4bb639b0db4da77f77af1d13762) Importer(815301076,1909f56bfc062723c751e8b465ee728b)  -> (artifact id: '762d530ce6417867cea34c5e3b6c6260') in 0.019317 seconds 
  Import took 0.030757 seconds .

========================================================================
Received Import Request.
  Time since last request: 0.000401 seconds.
  path: Assets/Sprites/Environment/Tilemaps/Background tiles GREEN_2.asset
  artifactKey: Guid(08dfa73419b17fb4a99f6dd47e47d6d3) Importer(815301076,1909f56bfc062723c751e8b465ee728b)
Start importing Assets/Sprites/Environment/Tilemaps/Background tiles GREEN_2.asset using Guid(08dfa73419b17fb4a99f6dd47e47d6d3) Importer(815301076,1909f56bfc062723c751e8b465ee728b)  -> (artifact id: '5b74d023052b6fda5857ff9287de6692') in 0.042792 seconds 
  Import took 0.052102 seconds .

========================================================================
Received Import Request.
  Time since last request: 0.000349 seconds.
  path: Assets/Sprites/Environment/Tilemaps/firewall_danger_object_4.asset
  artifactKey: Guid(aee5c37c288f93540a667d68603659d0) Importer(815301076,1909f56bfc062723c751e8b465ee728b)
Start importing Assets/Sprites/Environment/Tilemaps/firewall_danger_object_4.asset using Guid(aee5c37c288f93540a667d68603659d0) Importer(815301076,1909f56bfc062723c751e8b465ee728b)  -> (artifact id: '3832adefd97ae00a89d7aa72e7a389bd') in 0.020157 seconds 
  Import took 0.049864 seconds .

========================================================================
Received Import Request.
  Time since last request: 0.000241 seconds.
  path: Assets/Sprites/Environment/Tilemaps/firewall_danger_object_3.asset
  artifactKey: Guid(4f70f5ea5a1dcf24881df1a927bc5d58) Importer(815301076,1909f56bfc062723c751e8b465ee728b)
Start importing Assets/Sprites/Environment/Tilemaps/firewall_danger_object_3.asset using Guid(4f70f5ea5a1dcf24881df1a927bc5d58) Importer(815301076,1909f56bfc062723c751e8b465ee728b)  -> (artifact id: '7becc08cdc2942912092d57875e0a2a1') in 0.020396 seconds 
  Import took 0.029070 seconds .

========================================================================
Received Import Request.
  Time since last request: 0.000256 seconds.
  path: Assets/Sprites/Environment/Tilemaps/Level Componets.prefab
  artifactKey: Guid(830ab2efb0ce72748a0310a8cb33a6ac) Importer(815301076,1909f56bfc062723c751e8b465ee728b)
Start importing Assets/Sprites/Environment/Tilemaps/Level Componets.prefab using Guid(830ab2efb0ce72748a0310a8cb33a6ac) Importer(815301076,1909f56bfc062723c751e8b465ee728b)  -> (artifact id: 'a56a7933025ee88817e29bc2ee44c29d') in 0.208494 seconds 
  Import took 0.221246 seconds .

========================================================================
Received Import Request.
  Time since last request: 0.000390 seconds.
  path: Assets/Sprites/Environment/Tilemaps/Background tiles DARK.asset
  artifactKey: Guid(302b29b58ee885c4ebedd29468fdf3ff) Importer(815301076,1909f56bfc062723c751e8b465ee728b)
Start importing Assets/Sprites/Environment/Tilemaps/Background tiles DARK.asset using Guid(302b29b58ee885c4ebedd29468fdf3ff) Importer(815301076,1909f56bfc062723c751e8b465ee728b)  -> (artifact id: '7f767698bf2f5d2dd500f5b66d99ff89') in 0.012957 seconds 
  Import took 0.024605 seconds .

========================================================================
Received Import Request.
  Time since last request: 0.000259 seconds.
  path: Assets/Sprites/Environment/Tilemaps/Background tiles DARK_3.asset
  artifactKey: Guid(69e8a36f4b50c8d47b2440fc322f51ef) Importer(815301076,1909f56bfc062723c751e8b465ee728b)
Start importing Assets/Sprites/Environment/Tilemaps/Background tiles DARK_3.asset using Guid(69e8a36f4b50c8d47b2440fc322f51ef) Importer(815301076,1909f56bfc062723c751e8b465ee728b)  -> (artifact id: '4dbf1024a70c9632a20797167f6312a4') in 0.048183 seconds 
  Import took 0.056574 seconds .

========================================================================
Received Import Request.
  Time since last request: 0.000260 seconds.
  path: Assets/Sprites/Environment/Tilemaps/Background tiles GREEN_3.asset
  artifactKey: Guid(e12d4f7f156c61e459f8230e0e6e7bb6) Importer(815301076,1909f56bfc062723c751e8b465ee728b)
Start importing Assets/Sprites/Environment/Tilemaps/Background tiles GREEN_3.asset using Guid(e12d4f7f156c61e459f8230e0e6e7bb6) Importer(815301076,1909f56bfc062723c751e8b465ee728b)  -> (artifact id: '28dbeef20eddae9eee4e43fd80832b67') in 0.043163 seconds 
  Import took 0.051674 seconds .

========================================================================
Received Import Request.
  Time since last request: 0.000194 seconds.
  path: Assets/Sprites/Environment/Tilemaps/Background tiles DARK_1.asset
  artifactKey: Guid(a873dabe64569d949a8a6b56f3232263) Importer(815301076,1909f56bfc062723c751e8b465ee728b)
Start importing Assets/Sprites/Environment/Tilemaps/Background tiles DARK_1.asset using Guid(a873dabe64569d949a8a6b56f3232263) Importer(815301076,1909f56bfc062723c751e8b465ee728b)  -> (artifact id: '19ca0257a2812bb9723e66116916d6ef') in 0.042652 seconds 
  Import took 0.050329 seconds .

========================================================================
Received Import Request.
  Time since last request: 0.000250 seconds.
  path: Assets/Sprites/Environment/Tilemaps/Background tiles DARK_0.asset
  artifactKey: Guid(501c8ae7a37ab074cbc139571d3ebfe9) Importer(815301076,1909f56bfc062723c751e8b465ee728b)
Start importing Assets/Sprites/Environment/Tilemaps/Background tiles DARK_0.asset using Guid(501c8ae7a37ab074cbc139571d3ebfe9) Importer(815301076,1909f56bfc062723c751e8b465ee728b)  -> (artifact id: '5848ead9f4149a9805dfba9607f20085') in 0.046018 seconds 
  Import took 0.054545 seconds .

========================================================================
Received Import Request.
  Time since last request: 0.000237 seconds.
  path: Assets/Sprites/Environment/Tilemaps/Background tiles GREEN_1.asset
  artifactKey: Guid(ddcbd4c9c6e51094aa89e8776359a34c) Importer(815301076,1909f56bfc062723c751e8b465ee728b)
Start importing Assets/Sprites/Environment/Tilemaps/Background tiles GREEN_1.asset using Guid(ddcbd4c9c6e51094aa89e8776359a34c) Importer(815301076,1909f56bfc062723c751e8b465ee728b)  -> (artifact id: '58c1ce4d6b432419db28fd774c6435e5') in 0.048947 seconds 
  Import took 0.056354 seconds .

========================================================================
Received Import Request.
  Time since last request: 0.000194 seconds.
  path: Assets/Sprites/Environment/Tilemaps/Background tiles GREEN_0.asset
  artifactKey: Guid(594bb65134e5bda48a6f7127333e82bc) Importer(815301076,1909f56bfc062723c751e8b465ee728b)
Start importing Assets/Sprites/Environment/Tilemaps/Background tiles GREEN_0.asset using Guid(594bb65134e5bda48a6f7127333e82bc) Importer(815301076,1909f56bfc062723c751e8b465ee728b)  -> (artifact id: 'c3dfd90114feb0cd5caae2093802dcef') in 0.045317 seconds 
  Import took 0.053496 seconds .

========================================================================
Received Import Request.
  Time since last request: 0.000191 seconds.
  path: Assets/Sprites/Environment/Tilemaps/floor_tile.asset
  artifactKey: Guid(5eae80c2c48dcbb4c8ef910d014d0ab0) Importer(815301076,1909f56bfc062723c751e8b465ee728b)
Start importing Assets/Sprites/Environment/Tilemaps/floor_tile.asset using Guid(5eae80c2c48dcbb4c8ef910d014d0ab0) Importer(815301076,1909f56bfc062723c751e8b465ee728b)  -> (artifact id: '5edc656240dd6573978df7dab377b221') in 0.017687 seconds 
  Import took 0.024735 seconds .

========================================================================
Received Import Request.
  Time since last request: 0.000244 seconds.
  path: Assets/Sprites/Environment/Tilemaps/Background tiles DARK_2.asset
  artifactKey: Guid(3db735e2060ee944585c4f9b510dbffd) Importer(815301076,1909f56bfc062723c751e8b465ee728b)
Start importing Assets/Sprites/Environment/Tilemaps/Background tiles DARK_2.asset using Guid(3db735e2060ee944585c4f9b510dbffd) Importer(815301076,1909f56bfc062723c751e8b465ee728b)  -> (artifact id: 'cd8844a03ef9195dd1efdf18832a6a3b') in 0.048898 seconds 
  Import took 0.064951 seconds .

========================================================================
Received Import Request.
  Time since last request: 125.916474 seconds.
  path: Assets/Scripts/Enemy.cs
  artifactKey: Guid(9e7d9a8c9210dbd4db298d6b9b7215b3) Importer(815301076,1909f56bfc062723c751e8b465ee728b)
Start importing Assets/Scripts/Enemy.cs using Guid(9e7d9a8c9210dbd4db298d6b9b7215b3) Importer(815301076,1909f56bfc062723c751e8b465ee728b)  -> (artifact id: '5463b79ee3a924822d119cb992ff83ef') in 0.027785 seconds 
  Import took 0.062935 seconds .

========================================================================
Received Import Request.
  Time since last request: 181.136665 seconds.
  path: Assets/Scripts/Enemy.cs
  artifactKey: Guid(9e7d9a8c9210dbd4db298d6b9b7215b3) Importer(815301076,1909f56bfc062723c751e8b465ee728b)
Start importing Assets/Scripts/Enemy.cs using Guid(9e7d9a8c9210dbd4db298d6b9b7215b3) Importer(815301076,1909f56bfc062723c751e8b465ee728b)  -> (artifact id: 'fbb51eed8da2f6781906e1c672f671db') in 0.021189 seconds 
  Import took 0.042419 seconds .

========================================================================
Received Import Request.
  Time since last request: 109.131134 seconds.
  path: Assets/Scripts/Enemy.cs
  artifactKey: Guid(9e7d9a8c9210dbd4db298d6b9b7215b3) Importer(815301076,1909f56bfc062723c751e8b465ee728b)
Start importing Assets/Scripts/Enemy.cs using Guid(9e7d9a8c9210dbd4db298d6b9b7215b3) Importer(815301076,1909f56bfc062723c751e8b465ee728b)  -> (artifact id: '647306ac840d7bca549d95358e623bd7') in 0.009129 seconds 
  Import took 0.021071 seconds .

========================================================================
Received Prepare
Default GameObject BitMask: UI already registered

Registering precompiled user dll's ...
Registered in 0.018795 seconds.
Begin MonoManager ReloadAssembly
Native extension for WindowsStandalone target not found
Native extension for WebGL target not found
Refreshing native plugins compatible for Editor in 0.92 ms, found 3 plugins.
Preloading 0 native plugins for Editor in 0.00 ms.
Mono: successfully reloaded assembly
- Completed reload, in  1.674 seconds
Domain Reload Profiling:
	ReloadAssembly (1675ms)
		BeginReloadAssembly (163ms)
			ExecutionOrderSort (0ms)
			DisableScriptedObjects (11ms)
			BackupInstance (0ms)
			ReleaseScriptingObjects (0ms)
			CreateAndSetChildDomain (53ms)
		EndReloadAssembly (1438ms)
			LoadAssemblies (134ms)
			RebuildTransferFunctionScriptingTraits (0ms)
			SetupTypeCache (423ms)
			ReleaseScriptCaches (1ms)
			RebuildScriptCaches (57ms)
			SetupLoadedEditorAssemblies (615ms)
				LogAssemblyErrors (0ms)
				InitializePlatformSupportModulesInManaged (9ms)
				SetLoadedEditorAssemblies (1ms)
				RefreshPlugins (1ms)
				BeforeProcessingInitializeOnLoad (144ms)
				ProcessInitializeOnLoadAttributes (446ms)
				ProcessInitializeOnLoadMethodAttributes (6ms)
				AfterProcessingInitializeOnLoad (7ms)
				EditorAssembliesLoaded (0ms)
			ExecutionOrderSort2 (0ms)
			AwakeInstancesAfterBackupRestoration (21ms)
Platform modules already initialized, skipping
Shader 'Universal Render Pipeline/Particles/Lit': fallback shader 'Universal Render Pipeline/Particles/SimpleLit' not found
Refreshing native plugins compatible for Editor in 0.73 ms, found 3 plugins.
Preloading 0 native plugins for Editor in 0.00 ms.
Unloading 3568 Unused Serialized files (Serialized files now loaded: 0)
System memory in use before: 155.8 MB.
System memory in use after: 156.1 MB.

Unloading 18 unused Assets to reduce memory usage. Loaded Objects now: 4176.
Total: 4.664900 ms (FindLiveObjects: 0.331100 ms CreateObjectMapping: 0.180300 ms MarkObjects: 4.127200 ms  DeleteObjects: 0.024600 ms)

AssetImportParameters requested are different than current active one (requested -> active):
  custom:framework-win-MediaFoundation: 216162199b28c13a410421893ffa2e32 -> 
  custom:video-decoder-ogg-theora: a1e56fd34408186e4bbccfd4996cb3dc -> 
  custom:container-muxer-webm: aa71ff27fc2769a1b78a27578f13a17b -> 
  custom:container-demuxer-webm: 4f35f7cbe854078d1ac9338744f61a02 -> 
  custom:container-demuxer-ogg: 62fdf1f143b41e24485cea50d1cbac27 -> 
  custom:video-encoder-webm-vp8: eb34c28f22e8b96e1ab97ce403110664 -> 
  custom:video-decoder-webm-vp8: 9c59270c3fd7afecdb556c50c9e8de78 -> 
  custom:audio-decoder-ogg-vorbis: bf7c407c2cedff20999df2af8eb42d56 -> 
  custom:audio-encoder-webm-vorbis: bf7c407c2cedff20999df2af8eb42d56 -> 
========================================================================
Received Prepare
Default GameObject BitMask: UI already registered

Registering precompiled user dll's ...
Registered in 0.014859 seconds.
Begin MonoManager ReloadAssembly
Native extension for WindowsStandalone target not found
Native extension for WebGL target not found
Refreshing native plugins compatible for Editor in 1.06 ms, found 3 plugins.
Preloading 0 native plugins for Editor in 0.00 ms.
Mono: successfully reloaded assembly
- Completed reload, in  1.633 seconds
Domain Reload Profiling:
	ReloadAssembly (1634ms)
		BeginReloadAssembly (183ms)
			ExecutionOrderSort (0ms)
			DisableScriptedObjects (9ms)
			BackupInstance (0ms)
			ReleaseScriptingObjects (0ms)
			CreateAndSetChildDomain (62ms)
		EndReloadAssembly (1359ms)
			LoadAssemblies (170ms)
			RebuildTransferFunctionScriptingTraits (0ms)
			SetupTypeCache (395ms)
			ReleaseScriptCaches (2ms)
			RebuildScriptCaches (58ms)
			SetupLoadedEditorAssemblies (553ms)
				LogAssemblyErrors (0ms)
				InitializePlatformSupportModulesInManaged (6ms)
				SetLoadedEditorAssemblies (1ms)
				RefreshPlugins (1ms)
				BeforeProcessingInitializeOnLoad (142ms)
				ProcessInitializeOnLoadAttributes (391ms)
				ProcessInitializeOnLoadMethodAttributes (6ms)
				AfterProcessingInitializeOnLoad (6ms)
				EditorAssembliesLoaded (0ms)
			ExecutionOrderSort2 (0ms)
			AwakeInstancesAfterBackupRestoration (21ms)
Platform modules already initialized, skipping
Shader 'Universal Render Pipeline/Particles/Lit': fallback shader 'Universal Render Pipeline/Particles/SimpleLit' not found
Refreshing native plugins compatible for Editor in 0.97 ms, found 3 plugins.
Preloading 0 native plugins for Editor in 0.00 ms.
Unloading 3568 Unused Serialized files (Serialized files now loaded: 0)
System memory in use before: 155.9 MB.
System memory in use after: 156.1 MB.

Unloading 18 unused Assets to reduce memory usage. Loaded Objects now: 4178.
Total: 5.937100 ms (FindLiveObjects: 0.611700 ms CreateObjectMapping: 0.279800 ms MarkObjects: 5.005700 ms  DeleteObjects: 0.038100 ms)

AssetImportParameters requested are different than current active one (requested -> active):
  custom:framework-win-MediaFoundation: 216162199b28c13a410421893ffa2e32 -> 
  custom:video-decoder-ogg-theora: a1e56fd34408186e4bbccfd4996cb3dc -> 
  custom:container-muxer-webm: aa71ff27fc2769a1b78a27578f13a17b -> 
  custom:container-demuxer-webm: 4f35f7cbe854078d1ac9338744f61a02 -> 
  custom:container-demuxer-ogg: 62fdf1f143b41e24485cea50d1cbac27 -> 
  custom:video-encoder-webm-vp8: eb34c28f22e8b96e1ab97ce403110664 -> 
  custom:video-decoder-webm-vp8: 9c59270c3fd7afecdb556c50c9e8de78 -> 
  custom:audio-decoder-ogg-vorbis: bf7c407c2cedff20999df2af8eb42d56 -> 
  custom:audio-encoder-webm-vorbis: bf7c407c2cedff20999df2af8eb42d56 -> 
========================================================================
Received Prepare
Default GameObject BitMask: UI already registered

Registering precompiled user dll's ...
Registered in 0.011826 seconds.
Begin MonoManager ReloadAssembly
Native extension for WindowsStandalone target not found
Native extension for WebGL target not found
Refreshing native plugins compatible for Editor in 0.90 ms, found 3 plugins.
Preloading 0 native plugins for Editor in 0.00 ms.
Mono: successfully reloaded assembly
- Completed reload, in  1.567 seconds
Domain Reload Profiling:
	ReloadAssembly (1567ms)
		BeginReloadAssembly (147ms)
			ExecutionOrderSort (0ms)
			DisableScriptedObjects (13ms)
			BackupInstance (0ms)
			ReleaseScriptingObjects (0ms)
			CreateAndSetChildDomain (46ms)
		EndReloadAssembly (1340ms)
			LoadAssemblies (133ms)
			RebuildTransferFunctionScriptingTraits (0ms)
			SetupTypeCache (382ms)
			ReleaseScriptCaches (1ms)
			RebuildScriptCaches (56ms)
			SetupLoadedEditorAssemblies (583ms)
				LogAssemblyErrors (0ms)
				InitializePlatformSupportModulesInManaged (6ms)
				SetLoadedEditorAssemblies (0ms)
				RefreshPlugins (1ms)
				BeforeProcessingInitializeOnLoad (146ms)
				ProcessInitializeOnLoadAttributes (417ms)
				ProcessInitializeOnLoadMethodAttributes (6ms)
				AfterProcessingInitializeOnLoad (6ms)
				EditorAssembliesLoaded (0ms)
			ExecutionOrderSort2 (0ms)
			AwakeInstancesAfterBackupRestoration (19ms)
Platform modules already initialized, skipping
Shader 'Universal Render Pipeline/Particles/Lit': fallback shader 'Universal Render Pipeline/Particles/SimpleLit' not found
Refreshing native plugins compatible for Editor in 0.78 ms, found 3 plugins.
Preloading 0 native plugins for Editor in 0.00 ms.
Unloading 3568 Unused Serialized files (Serialized files now loaded: 0)
System memory in use before: 155.9 MB.
System memory in use after: 156.1 MB.

Unloading 18 unused Assets to reduce memory usage. Loaded Objects now: 4180.
Total: 4.247200 ms (FindLiveObjects: 0.338400 ms CreateObjectMapping: 0.184500 ms MarkObjects: 3.681200 ms  DeleteObjects: 0.042100 ms)

AssetImportParameters requested are different than current active one (requested -> active):
  custom:framework-win-MediaFoundation: 216162199b28c13a410421893ffa2e32 -> 
  custom:video-decoder-ogg-theora: a1e56fd34408186e4bbccfd4996cb3dc -> 
  custom:container-muxer-webm: aa71ff27fc2769a1b78a27578f13a17b -> 
  custom:container-demuxer-webm: 4f35f7cbe854078d1ac9338744f61a02 -> 
  custom:container-demuxer-ogg: 62fdf1f143b41e24485cea50d1cbac27 -> 
  custom:video-encoder-webm-vp8: eb34c28f22e8b96e1ab97ce403110664 -> 
  custom:video-decoder-webm-vp8: 9c59270c3fd7afecdb556c50c9e8de78 -> 
  custom:audio-decoder-ogg-vorbis: bf7c407c2cedff20999df2af8eb42d56 -> 
  custom:audio-encoder-webm-vorbis: bf7c407c2cedff20999df2af8eb42d56 -> 
========================================================================
Received Import Request.
  Time since last request: 766.413007 seconds.
  path: Assets/Prefabs/Bullet.prefab
  artifactKey: Guid(8baa57f09bd354545bf5613485572ae3) Importer(815301076,1909f56bfc062723c751e8b465ee728b)
Start importing Assets/Prefabs/Bullet.prefab using Guid(8baa57f09bd354545bf5613485572ae3) Importer(815301076,1909f56bfc062723c751e8b465ee728b)  -> (artifact id: 'b7bdec71190848b5f5e615e67296718d') in 0.192671 seconds 
  Import took 0.200377 seconds .

========================================================================
Received Prepare
Default GameObject BitMask: UI already registered

Registering precompiled user dll's ...
Registered in 0.011444 seconds.
Begin MonoManager ReloadAssembly
Native extension for WindowsStandalone target not found
Native extension for WebGL target not found
Refreshing native plugins compatible for Editor in 0.84 ms, found 3 plugins.
Preloading 0 native plugins for Editor in 0.00 ms.
Mono: successfully reloaded assembly
- Completed reload, in  1.721 seconds
Domain Reload Profiling:
	ReloadAssembly (1721ms)
		BeginReloadAssembly (135ms)
			ExecutionOrderSort (0ms)
			DisableScriptedObjects (9ms)
			BackupInstance (0ms)
			ReleaseScriptingObjects (0ms)
			CreateAndSetChildDomain (45ms)
		EndReloadAssembly (1502ms)
			LoadAssemblies (150ms)
			RebuildTransferFunctionScriptingTraits (0ms)
			SetupTypeCache (421ms)
			ReleaseScriptCaches (2ms)
			RebuildScriptCaches (64ms)
			SetupLoadedEditorAssemblies (636ms)
				LogAssemblyErrors (0ms)
				InitializePlatformSupportModulesInManaged (6ms)
				SetLoadedEditorAssemblies (1ms)
				RefreshPlugins (1ms)
				BeforeProcessingInitializeOnLoad (149ms)
				ProcessInitializeOnLoadAttributes (465ms)
				ProcessInitializeOnLoadMethodAttributes (7ms)
				AfterProcessingInitializeOnLoad (7ms)
				EditorAssembliesLoaded (0ms)
			ExecutionOrderSort2 (0ms)
			AwakeInstancesAfterBackupRestoration (24ms)
Platform modules already initialized, skipping
Shader 'Universal Render Pipeline/Particles/Lit': fallback shader 'Universal Render Pipeline/Particles/SimpleLit' not found
Refreshing native plugins compatible for Editor in 0.71 ms, found 3 plugins.
Preloading 0 native plugins for Editor in 0.00 ms.
Unloading 3568 Unused Serialized files (Serialized files now loaded: 0)
System memory in use before: 156.0 MB.
System memory in use after: 156.3 MB.

Unloading 18 unused Assets to reduce memory usage. Loaded Objects now: 4218.
Total: 5.232400 ms (FindLiveObjects: 0.476300 ms CreateObjectMapping: 0.231500 ms MarkObjects: 4.497800 ms  DeleteObjects: 0.025300 ms)

AssetImportParameters requested are different than current active one (requested -> active):
  custom:framework-win-MediaFoundation: 216162199b28c13a410421893ffa2e32 -> 
  custom:video-decoder-ogg-theora: a1e56fd34408186e4bbccfd4996cb3dc -> 
  custom:container-muxer-webm: aa71ff27fc2769a1b78a27578f13a17b -> 
  custom:container-demuxer-webm: 4f35f7cbe854078d1ac9338744f61a02 -> 
  custom:container-demuxer-ogg: 62fdf1f143b41e24485cea50d1cbac27 -> 
  custom:video-encoder-webm-vp8: eb34c28f22e8b96e1ab97ce403110664 -> 
  custom:video-decoder-webm-vp8: 9c59270c3fd7afecdb556c50c9e8de78 -> 
  custom:audio-decoder-ogg-vorbis: bf7c407c2cedff20999df2af8eb42d56 -> 
  custom:audio-encoder-webm-vorbis: bf7c407c2cedff20999df2af8eb42d56 -> 
========================================================================
Received Import Request.
  Time since last request: 27.719590 seconds.
  path: Assets/Prefabs/Bullet.prefab
  artifactKey: Guid(8baa57f09bd354545bf5613485572ae3) Importer(815301076,1909f56bfc062723c751e8b465ee728b)
Start importing Assets/Prefabs/Bullet.prefab using Guid(8baa57f09bd354545bf5613485572ae3) Importer(815301076,1909f56bfc062723c751e8b465ee728b)  -> (artifact id: '09ccc2c72ea9ec22b0bc8305ca073982') in 0.254643 seconds 
  Import took 0.264363 seconds .

========================================================================
Received Import Request.
  Time since last request: 2.935257 seconds.
  path: Assets/Prefabs/Bullet.prefab
  artifactKey: Guid(8baa57f09bd354545bf5613485572ae3) Importer(815301076,1909f56bfc062723c751e8b465ee728b)
Start importing Assets/Prefabs/Bullet.prefab using Guid(8baa57f09bd354545bf5613485572ae3) Importer(815301076,1909f56bfc062723c751e8b465ee728b)  -> (artifact id: 'ad98f1855882782fd81bd776a6b5cc09') in 0.028712 seconds 
  Import took 0.038532 seconds .

========================================================================
Received Prepare
Default GameObject BitMask: UI already registered

Registering precompiled user dll's ...
Registered in 0.013069 seconds.
Begin MonoManager ReloadAssembly
Native extension for WindowsStandalone target not found
Native extension for WebGL target not found
Refreshing native plugins compatible for Editor in 0.70 ms, found 3 plugins.
Preloading 0 native plugins for Editor in 0.00 ms.
Mono: successfully reloaded assembly
- Completed reload, in  1.562 seconds
Domain Reload Profiling:
	ReloadAssembly (1562ms)
		BeginReloadAssembly (134ms)
			ExecutionOrderSort (0ms)
			DisableScriptedObjects (9ms)
			BackupInstance (0ms)
			ReleaseScriptingObjects (0ms)
			CreateAndSetChildDomain (46ms)
		EndReloadAssembly (1332ms)
			LoadAssemblies (137ms)
			RebuildTransferFunctionScriptingTraits (0ms)
			SetupTypeCache (410ms)
			ReleaseScriptCaches (2ms)
			RebuildScriptCaches (55ms)
			SetupLoadedEditorAssemblies (534ms)
				LogAssemblyErrors (0ms)
				InitializePlatformSupportModulesInManaged (6ms)
				SetLoadedEditorAssemblies (0ms)
				RefreshPlugins (1ms)
				BeforeProcessingInitializeOnLoad (134ms)
				ProcessInitializeOnLoadAttributes (380ms)
				ProcessInitializeOnLoadMethodAttributes (6ms)
				AfterProcessingInitializeOnLoad (6ms)
				EditorAssembliesLoaded (0ms)
			ExecutionOrderSort2 (0ms)
			AwakeInstancesAfterBackupRestoration (21ms)
Platform modules already initialized, skipping
Shader 'Universal Render Pipeline/Particles/Lit': fallback shader 'Universal Render Pipeline/Particles/SimpleLit' not found
Refreshing native plugins compatible for Editor in 0.82 ms, found 3 plugins.
Preloading 0 native plugins for Editor in 0.00 ms.
Unloading 3568 Unused Serialized files (Serialized files now loaded: 0)
System memory in use before: 156.1 MB.
System memory in use after: 156.4 MB.

Unloading 18 unused Assets to reduce memory usage. Loaded Objects now: 4256.
Total: 5.071700 ms (FindLiveObjects: 0.475900 ms CreateObjectMapping: 0.230500 ms MarkObjects: 4.327700 ms  DeleteObjects: 0.036200 ms)

AssetImportParameters requested are different than current active one (requested -> active):
  custom:framework-win-MediaFoundation: 216162199b28c13a410421893ffa2e32 -> 
  custom:video-decoder-ogg-theora: a1e56fd34408186e4bbccfd4996cb3dc -> 
  custom:container-muxer-webm: aa71ff27fc2769a1b78a27578f13a17b -> 
  custom:container-demuxer-webm: 4f35f7cbe854078d1ac9338744f61a02 -> 
  custom:container-demuxer-ogg: 62fdf1f143b41e24485cea50d1cbac27 -> 
  custom:video-encoder-webm-vp8: eb34c28f22e8b96e1ab97ce403110664 -> 
  custom:video-decoder-webm-vp8: 9c59270c3fd7afecdb556c50c9e8de78 -> 
  custom:audio-decoder-ogg-vorbis: bf7c407c2cedff20999df2af8eb42d56 -> 
  custom:audio-encoder-webm-vorbis: bf7c407c2cedff20999df2af8eb42d56 -> 
========================================================================
Received Prepare
Default GameObject BitMask: UI already registered

Registering precompiled user dll's ...
Registered in 0.010311 seconds.
Begin MonoManager ReloadAssembly
Native extension for WindowsStandalone target not found
Native extension for WebGL target not found
Refreshing native plugins compatible for Editor in 0.72 ms, found 3 plugins.
Preloading 0 native plugins for Editor in 0.00 ms.
Mono: successfully reloaded assembly
- Completed reload, in  1.547 seconds
Domain Reload Profiling:
	ReloadAssembly (1548ms)
		BeginReloadAssembly (126ms)
			ExecutionOrderSort (0ms)
			DisableScriptedObjects (7ms)
			BackupInstance (0ms)
			ReleaseScriptingObjects (0ms)
			CreateAndSetChildDomain (40ms)
		EndReloadAssembly (1349ms)
			LoadAssemblies (131ms)
			RebuildTransferFunctionScriptingTraits (0ms)
			SetupTypeCache (407ms)
			ReleaseScriptCaches (1ms)
			RebuildScriptCaches (62ms)
			SetupLoadedEditorAssemblies (531ms)
				LogAssemblyErrors (0ms)
				InitializePlatformSupportModulesInManaged (6ms)
				SetLoadedEditorAssemblies (1ms)
				RefreshPlugins (1ms)
				BeforeProcessingInitializeOnLoad (140ms)
				ProcessInitializeOnLoadAttributes (371ms)
				ProcessInitializeOnLoadMethodAttributes (6ms)
				AfterProcessingInitializeOnLoad (6ms)
				EditorAssembliesLoaded (0ms)
			ExecutionOrderSort2 (0ms)
			AwakeInstancesAfterBackupRestoration (23ms)
Platform modules already initialized, skipping
Shader 'Universal Render Pipeline/Particles/Lit': fallback shader 'Universal Render Pipeline/Particles/SimpleLit' not found
Refreshing native plugins compatible for Editor in 0.72 ms, found 3 plugins.
Preloading 0 native plugins for Editor in 0.00 ms.
Unloading 3568 Unused Serialized files (Serialized files now loaded: 0)
System memory in use before: 156.2 MB.
System memory in use after: 156.4 MB.

Unloading 18 unused Assets to reduce memory usage. Loaded Objects now: 4258.
Total: 4.902200 ms (FindLiveObjects: 0.819200 ms CreateObjectMapping: 0.275200 ms MarkObjects: 3.771300 ms  DeleteObjects: 0.035400 ms)

AssetImportParameters requested are different than current active one (requested -> active):
  custom:framework-win-MediaFoundation: 216162199b28c13a410421893ffa2e32 -> 
  custom:video-decoder-ogg-theora: a1e56fd34408186e4bbccfd4996cb3dc -> 
  custom:container-muxer-webm: aa71ff27fc2769a1b78a27578f13a17b -> 
  custom:container-demuxer-webm: 4f35f7cbe854078d1ac9338744f61a02 -> 
  custom:container-demuxer-ogg: 62fdf1f143b41e24485cea50d1cbac27 -> 
  custom:video-encoder-webm-vp8: eb34c28f22e8b96e1ab97ce403110664 -> 
  custom:video-decoder-webm-vp8: 9c59270c3fd7afecdb556c50c9e8de78 -> 
  custom:audio-decoder-ogg-vorbis: bf7c407c2cedff20999df2af8eb42d56 -> 
  custom:audio-encoder-webm-vorbis: bf7c407c2cedff20999df2af8eb42d56 -> 
========================================================================
Received Prepare
Default GameObject BitMask: UI already registered

Registering precompiled user dll's ...
Registered in 0.010549 seconds.
Begin MonoManager ReloadAssembly
Native extension for WindowsStandalone target not found
Native extension for WebGL target not found
Refreshing native plugins compatible for Editor in 0.69 ms, found 3 plugins.
Preloading 0 native plugins for Editor in 0.00 ms.
Mono: successfully reloaded assembly
- Completed reload, in  1.593 seconds
Domain Reload Profiling:
	ReloadAssembly (1593ms)
		BeginReloadAssembly (132ms)
			ExecutionOrderSort (0ms)
			DisableScriptedObjects (8ms)
			BackupInstance (0ms)
			ReleaseScriptingObjects (0ms)
			CreateAndSetChildDomain (42ms)
		EndReloadAssembly (1387ms)
			LoadAssemblies (157ms)
			RebuildTransferFunctionScriptingTraits (0ms)
			SetupTypeCache (396ms)
			ReleaseScriptCaches (1ms)
			RebuildScriptCaches (62ms)
			SetupLoadedEditorAssemblies (538ms)
				LogAssemblyErrors (0ms)
				InitializePlatformSupportModulesInManaged (7ms)
				SetLoadedEditorAssemblies (1ms)
				RefreshPlugins (1ms)
				BeforeProcessingInitializeOnLoad (139ms)
				ProcessInitializeOnLoadAttributes (376ms)
				ProcessInitializeOnLoadMethodAttributes (8ms)
				AfterProcessingInitializeOnLoad (6ms)
				EditorAssembliesLoaded (0ms)
			ExecutionOrderSort2 (0ms)
			AwakeInstancesAfterBackupRestoration (23ms)
Platform modules already initialized, skipping
Shader 'Universal Render Pipeline/Particles/Lit': fallback shader 'Universal Render Pipeline/Particles/SimpleLit' not found
Refreshing native plugins compatible for Editor in 0.78 ms, found 3 plugins.
Preloading 0 native plugins for Editor in 0.00 ms.
Unloading 3568 Unused Serialized files (Serialized files now loaded: 0)
System memory in use before: 156.2 MB.
System memory in use after: 156.4 MB.

Unloading 18 unused Assets to reduce memory usage. Loaded Objects now: 4260.
Total: 4.196300 ms (FindLiveObjects: 0.356400 ms CreateObjectMapping: 0.199200 ms MarkObjects: 3.584200 ms  DeleteObjects: 0.055400 ms)

AssetImportParameters requested are different than current active one (requested -> active):
  custom:framework-win-MediaFoundation: 216162199b28c13a410421893ffa2e32 -> 
  custom:video-decoder-ogg-theora: a1e56fd34408186e4bbccfd4996cb3dc -> 
  custom:container-muxer-webm: aa71ff27fc2769a1b78a27578f13a17b -> 
  custom:container-demuxer-webm: 4f35f7cbe854078d1ac9338744f61a02 -> 
  custom:container-demuxer-ogg: 62fdf1f143b41e24485cea50d1cbac27 -> 
  custom:video-encoder-webm-vp8: eb34c28f22e8b96e1ab97ce403110664 -> 
  custom:video-decoder-webm-vp8: 9c59270c3fd7afecdb556c50c9e8de78 -> 
  custom:audio-decoder-ogg-vorbis: bf7c407c2cedff20999df2af8eb42d56 -> 
  custom:audio-encoder-webm-vorbis: bf7c407c2cedff20999df2af8eb42d56 -> 
========================================================================
Received Import Request.
  Time since last request: 225.309037 seconds.
  path: Assets/Prefabs/Bullet.controller
  artifactKey: Guid(0f6aef0315a11c643afef3f5cc0a0dcb) Importer(815301076,1909f56bfc062723c751e8b465ee728b)
Start importing Assets/Prefabs/Bullet.controller using Guid(0f6aef0315a11c643afef3f5cc0a0dcb) Importer(815301076,1909f56bfc062723c751e8b465ee728b)  -> (artifact id: '3a6b8e57f787f63b51d033fee493ec38') in 0.037751 seconds 
  Import took 0.045875 seconds .

========================================================================
Received Import Request.
  Time since last request: 39.363585 seconds.
  path: Assets/Prefabs/BulletMove.anim
  artifactKey: Guid(b930f4a6a7c78d645a080004009982d5) Importer(815301076,1909f56bfc062723c751e8b465ee728b)
Start importing Assets/Prefabs/BulletMove.anim using Guid(b930f4a6a7c78d645a080004009982d5) Importer(815301076,1909f56bfc062723c751e8b465ee728b)  -> (artifact id: 'b282933d6d3f3b62ae2e61b651808a7e') in 0.013871 seconds 
  Import took 0.021617 seconds .

========================================================================
Received Prepare
Default GameObject BitMask: UI already registered

Registering precompiled user dll's ...
Registered in 0.009755 seconds.
Begin MonoManager ReloadAssembly
Native extension for WindowsStandalone target not found
Native extension for WebGL target not found
Refreshing native plugins compatible for Editor in 1.52 ms, found 3 plugins.
Preloading 0 native plugins for Editor in 0.00 ms.
Mono: successfully reloaded assembly
- Completed reload, in  1.596 seconds
Domain Reload Profiling:
	ReloadAssembly (1597ms)
		BeginReloadAssembly (128ms)
			ExecutionOrderSort (0ms)
			DisableScriptedObjects (8ms)
			BackupInstance (0ms)
			ReleaseScriptingObjects (0ms)
			CreateAndSetChildDomain (41ms)
		EndReloadAssembly (1395ms)
			LoadAssemblies (131ms)
			RebuildTransferFunctionScriptingTraits (0ms)
			SetupTypeCache (446ms)
			ReleaseScriptCaches (1ms)
			RebuildScriptCaches (66ms)
			SetupLoadedEditorAssemblies (551ms)
				LogAssemblyErrors (0ms)
				InitializePlatformSupportModulesInManaged (6ms)
				SetLoadedEditorAssemblies (0ms)
				RefreshPlugins (2ms)
				BeforeProcessingInitializeOnLoad (144ms)
				ProcessInitializeOnLoadAttributes (387ms)
				ProcessInitializeOnLoadMethodAttributes (6ms)
				AfterProcessingInitializeOnLoad (6ms)
				EditorAssembliesLoaded (0ms)
			ExecutionOrderSort2 (0ms)
			AwakeInstancesAfterBackupRestoration (22ms)
Platform modules already initialized, skipping
Shader 'Universal Render Pipeline/Particles/Lit': fallback shader 'Universal Render Pipeline/Particles/SimpleLit' not found
Refreshing native plugins compatible for Editor in 0.71 ms, found 3 plugins.
Preloading 0 native plugins for Editor in 0.00 ms.
Unloading 3568 Unused Serialized files (Serialized files now loaded: 0)
System memory in use before: 156.2 MB.
System memory in use after: 156.4 MB.

Unloading 18 unused Assets to reduce memory usage. Loaded Objects now: 4262.
Total: 5.341500 ms (FindLiveObjects: 0.367900 ms CreateObjectMapping: 0.265300 ms MarkObjects: 4.659100 ms  DeleteObjects: 0.048000 ms)

AssetImportParameters requested are different than current active one (requested -> active):
  custom:framework-win-MediaFoundation: 216162199b28c13a410421893ffa2e32 -> 
  custom:video-decoder-ogg-theora: a1e56fd34408186e4bbccfd4996cb3dc -> 
  custom:container-muxer-webm: aa71ff27fc2769a1b78a27578f13a17b -> 
  custom:container-demuxer-webm: 4f35f7cbe854078d1ac9338744f61a02 -> 
  custom:container-demuxer-ogg: 62fdf1f143b41e24485cea50d1cbac27 -> 
  custom:video-encoder-webm-vp8: eb34c28f22e8b96e1ab97ce403110664 -> 
  custom:video-decoder-webm-vp8: 9c59270c3fd7afecdb556c50c9e8de78 -> 
  custom:audio-decoder-ogg-vorbis: bf7c407c2cedff20999df2af8eb42d56 -> 
  custom:audio-encoder-webm-vorbis: bf7c407c2cedff20999df2af8eb42d56 -> 
========================================================================
Received Prepare
Default GameObject BitMask: UI already registered

Registering precompiled user dll's ...
Registered in 0.016369 seconds.
Begin MonoManager ReloadAssembly
Native extension for WindowsStandalone target not found
Native extension for WebGL target not found
Refreshing native plugins compatible for Editor in 0.74 ms, found 3 plugins.
Preloading 0 native plugins for Editor in 0.00 ms.
Mono: successfully reloaded assembly
- Completed reload, in  1.575 seconds
Domain Reload Profiling:
	ReloadAssembly (1576ms)
		BeginReloadAssembly (124ms)
			ExecutionOrderSort (0ms)
			DisableScriptedObjects (7ms)
			BackupInstance (0ms)
			ReleaseScriptingObjects (0ms)
			CreateAndSetChildDomain (38ms)
		EndReloadAssembly (1367ms)
			LoadAssemblies (139ms)
			RebuildTransferFunctionScriptingTraits (0ms)
			SetupTypeCache (387ms)
			ReleaseScriptCaches (2ms)
			RebuildScriptCaches (57ms)
			SetupLoadedEditorAssemblies (575ms)
				LogAssemblyErrors (0ms)
				InitializePlatformSupportModulesInManaged (6ms)
				SetLoadedEditorAssemblies (1ms)
				RefreshPlugins (1ms)
				BeforeProcessingInitializeOnLoad (142ms)
				ProcessInitializeOnLoadAttributes (414ms)
				ProcessInitializeOnLoadMethodAttributes (6ms)
				AfterProcessingInitializeOnLoad (7ms)
				EditorAssembliesLoaded (0ms)
			ExecutionOrderSort2 (0ms)
			AwakeInstancesAfterBackupRestoration (23ms)
Platform modules already initialized, skipping
Shader 'Universal Render Pipeline/Particles/Lit': fallback shader 'Universal Render Pipeline/Particles/SimpleLit' not found
Refreshing native plugins compatible for Editor in 0.73 ms, found 3 plugins.
Preloading 0 native plugins for Editor in 0.00 ms.
Unloading 3568 Unused Serialized files (Serialized files now loaded: 0)
System memory in use before: 156.2 MB.
System memory in use after: 156.4 MB.

Unloading 18 unused Assets to reduce memory usage. Loaded Objects now: 4264.
Total: 4.692900 ms (FindLiveObjects: 0.378600 ms CreateObjectMapping: 0.218700 ms MarkObjects: 4.063300 ms  DeleteObjects: 0.030600 ms)

AssetImportParameters requested are different than current active one (requested -> active):
  custom:framework-win-MediaFoundation: 216162199b28c13a410421893ffa2e32 -> 
  custom:video-decoder-ogg-theora: a1e56fd34408186e4bbccfd4996cb3dc -> 
  custom:container-muxer-webm: aa71ff27fc2769a1b78a27578f13a17b -> 
  custom:container-demuxer-webm: 4f35f7cbe854078d1ac9338744f61a02 -> 
  custom:container-demuxer-ogg: 62fdf1f143b41e24485cea50d1cbac27 -> 
  custom:video-encoder-webm-vp8: eb34c28f22e8b96e1ab97ce403110664 -> 
  custom:video-decoder-webm-vp8: 9c59270c3fd7afecdb556c50c9e8de78 -> 
  custom:audio-decoder-ogg-vorbis: bf7c407c2cedff20999df2af8eb42d56 -> 
  custom:audio-encoder-webm-vorbis: bf7c407c2cedff20999df2af8eb42d56 -> 
========================================================================
Received Prepare
Default GameObject BitMask: UI already registered

Registering precompiled user dll's ...
Registered in 0.010052 seconds.
Begin MonoManager ReloadAssembly
Native extension for WindowsStandalone target not found
Native extension for WebGL target not found
Refreshing native plugins compatible for Editor in 0.72 ms, found 3 plugins.
Preloading 0 native plugins for Editor in 0.00 ms.
Mono: successfully reloaded assembly
- Completed reload, in  1.483 seconds
Domain Reload Profiling:
	ReloadAssembly (1484ms)
		BeginReloadAssembly (125ms)
			ExecutionOrderSort (0ms)
			DisableScriptedObjects (7ms)
			BackupInstance (0ms)
			ReleaseScriptingObjects (0ms)
			CreateAndSetChildDomain (41ms)
		EndReloadAssembly (1285ms)
			LoadAssemblies (132ms)
			RebuildTransferFunctionScriptingTraits (0ms)
			SetupTypeCache (376ms)
			ReleaseScriptCaches (1ms)
			RebuildScriptCaches (56ms)
			SetupLoadedEditorAssemblies (523ms)
				LogAssemblyErrors (0ms)
				InitializePlatformSupportModulesInManaged (6ms)
				SetLoadedEditorAssemblies (0ms)
				RefreshPlugins (1ms)
				BeforeProcessingInitializeOnLoad (138ms)
				ProcessInitializeOnLoadAttributes (366ms)
				ProcessInitializeOnLoadMethodAttributes (6ms)
				AfterProcessingInitializeOnLoad (6ms)
				EditorAssembliesLoaded (0ms)
			ExecutionOrderSort2 (0ms)
			AwakeInstancesAfterBackupRestoration (23ms)
Platform modules already initialized, skipping
Shader 'Universal Render Pipeline/Particles/Lit': fallback shader 'Universal Render Pipeline/Particles/SimpleLit' not found
Refreshing native plugins compatible for Editor in 0.87 ms, found 3 plugins.
Preloading 0 native plugins for Editor in 0.00 ms.
Unloading 3568 Unused Serialized files (Serialized files now loaded: 0)
System memory in use before: 156.2 MB.
System memory in use after: 156.4 MB.

Unloading 18 unused Assets to reduce memory usage. Loaded Objects now: 4266.
Total: 4.350000 ms (FindLiveObjects: 0.348800 ms CreateObjectMapping: 0.186700 ms MarkObjects: 3.758800 ms  DeleteObjects: 0.054500 ms)

AssetImportParameters requested are different than current active one (requested -> active):
  custom:framework-win-MediaFoundation: 216162199b28c13a410421893ffa2e32 -> 
  custom:video-decoder-ogg-theora: a1e56fd34408186e4bbccfd4996cb3dc -> 
  custom:container-muxer-webm: aa71ff27fc2769a1b78a27578f13a17b -> 
  custom:container-demuxer-webm: 4f35f7cbe854078d1ac9338744f61a02 -> 
  custom:container-demuxer-ogg: 62fdf1f143b41e24485cea50d1cbac27 -> 
  custom:video-encoder-webm-vp8: eb34c28f22e8b96e1ab97ce403110664 -> 
  custom:video-decoder-webm-vp8: 9c59270c3fd7afecdb556c50c9e8de78 -> 
  custom:audio-decoder-ogg-vorbis: bf7c407c2cedff20999df2af8eb42d56 -> 
  custom:audio-encoder-webm-vorbis: bf7c407c2cedff20999df2af8eb42d56 -> 
========================================================================
Received Import Request.
  Time since last request: 130.569265 seconds.
  path: Assets/Prefabs/Semicolon/Semicolon.controller
  artifactKey: Guid(b92ba7c03c62dd94eb216ed443a35241) Importer(815301076,1909f56bfc062723c751e8b465ee728b)
Start importing Assets/Prefabs/Semicolon/Semicolon.controller using Guid(b92ba7c03c62dd94eb216ed443a35241) Importer(815301076,1909f56bfc062723c751e8b465ee728b)  -> (artifact id: '484d5afb925421954ac359ca55d2e8bd') in 0.028695 seconds 
  Import took 0.035585 seconds .

========================================================================
Received Import Request.
  Time since last request: 150.801058 seconds.
  path: Assets/Animation/Beetle/Beetle Animation Controller.controller
  artifactKey: Guid(70ecd0d010d3055408287bc832028834) Importer(815301076,1909f56bfc062723c751e8b465ee728b)
Start importing Assets/Animation/Beetle/Beetle Animation Controller.controller using Guid(70ecd0d010d3055408287bc832028834) Importer(815301076,1909f56bfc062723c751e8b465ee728b)  -> (artifact id: '81e6063545190f863fded2da53b6ee6d') in 0.019756 seconds 
  Import took 0.029802 seconds .

========================================================================
Received Import Request.
  Time since last request: 13.666205 seconds.
  path: Assets/Prefabs/Semicolon/Semicolon_Damage.anim
  artifactKey: Guid(aac6635175d85a34da773a6de25c97e8) Importer(815301076,1909f56bfc062723c751e8b465ee728b)
Start importing Assets/Prefabs/Semicolon/Semicolon_Damage.anim using Guid(aac6635175d85a34da773a6de25c97e8) Importer(815301076,1909f56bfc062723c751e8b465ee728b)  -> (artifact id: 'be15e18ee7a2c91b8eac66054815e166') in 0.010945 seconds 
  Import took 0.018957 seconds .

========================================================================
Received Import Request.
  Time since last request: 8.515911 seconds.
  path: Assets/Prefabs/Semicolon/Semicolon_Dance.anim
  artifactKey: Guid(de21fff559c6e7d478a4a8c03b960977) Importer(815301076,1909f56bfc062723c751e8b465ee728b)
Start importing Assets/Prefabs/Semicolon/Semicolon_Dance.anim using Guid(de21fff559c6e7d478a4a8c03b960977) Importer(815301076,1909f56bfc062723c751e8b465ee728b)  -> (artifact id: '507512db63e53087ff308f670c6fbf79') in 0.010113 seconds 
  Import took 0.017128 seconds .

========================================================================
Received Import Request.
  Time since last request: 1.524196 seconds.
  path: Assets/Prefabs/Semicolon/Semicolon_Die.anim
  artifactKey: Guid(26156a9f33f30904995f6b8d6f0ea70c) Importer(815301076,1909f56bfc062723c751e8b465ee728b)
Start importing Assets/Prefabs/Semicolon/Semicolon_Die.anim using Guid(26156a9f33f30904995f6b8d6f0ea70c) Importer(815301076,1909f56bfc062723c751e8b465ee728b)  -> (artifact id: '66474bca263e6216e702a951d57d3cc7') in 0.014186 seconds 
  Import took 0.021951 seconds .

========================================================================
Received Import Request.
  Time since last request: 0.004111 seconds.
  path: Assets/Prefabs/Semicolon/Semicolon_Die.anim
  artifactKey: Guid(26156a9f33f30904995f6b8d6f0ea70c) Importer(815301076,1909f56bfc062723c751e8b465ee728b)
Start importing Assets/Prefabs/Semicolon/Semicolon_Die.anim using Guid(26156a9f33f30904995f6b8d6f0ea70c) Importer(815301076,1909f56bfc062723c751e8b465ee728b)  -> (artifact id: '66474bca263e6216e702a951d57d3cc7') in 0.007952 seconds 
  Import took 0.015429 seconds .

========================================================================
Received Import Request.
  Time since last request: 2.555081 seconds.
  path: Assets/Prefabs/Semicolon/Semicolon_Idle.anim
  artifactKey: Guid(47643c95b4e1f5443b6108673728afd9) Importer(815301076,1909f56bfc062723c751e8b465ee728b)
Start importing Assets/Prefabs/Semicolon/Semicolon_Idle.anim using Guid(47643c95b4e1f5443b6108673728afd9) Importer(815301076,1909f56bfc062723c751e8b465ee728b)  -> (artifact id: '0f524879de7f32583a5551f8a0986881') in 0.010235 seconds 
  Import took 0.019896 seconds .

========================================================================
Received Import Request.
  Time since last request: 0.425792 seconds.
  path: Assets/Prefabs/Semicolon/Semicolon_Move_Left.anim
  artifactKey: Guid(f9f7d5a1aac42dc458f6edc1213d907c) Importer(815301076,1909f56bfc062723c751e8b465ee728b)
Start importing Assets/Prefabs/Semicolon/Semicolon_Move_Left.anim using Guid(f9f7d5a1aac42dc458f6edc1213d907c) Importer(815301076,1909f56bfc062723c751e8b465ee728b)  -> (artifact id: '80f0d9f67f9917b271c7b569d571524d') in 0.010547 seconds 
  Import took 0.017773 seconds .

========================================================================
Received Import Request.
  Time since last request: 1.712937 seconds.
  path: Assets/Prefabs/Semicolon/Semicolon_Move_Right.anim
  artifactKey: Guid(6fb169791125eb8409d4c9c10cb96fee) Importer(815301076,1909f56bfc062723c751e8b465ee728b)
Start importing Assets/Prefabs/Semicolon/Semicolon_Move_Right.anim using Guid(6fb169791125eb8409d4c9c10cb96fee) Importer(815301076,1909f56bfc062723c751e8b465ee728b)  -> (artifact id: '20030e56f664e91ef868f3b8730ea6fe') in 0.010140 seconds 
  Import took 0.026303 seconds .

========================================================================
Received Import Request.
  Time since last request: 0.001970 seconds.
  path: Assets/Prefabs/Semicolon/Semicolon_Move_Right.anim
  artifactKey: Guid(6fb169791125eb8409d4c9c10cb96fee) Importer(815301076,1909f56bfc062723c751e8b465ee728b)
Start importing Assets/Prefabs/Semicolon/Semicolon_Move_Right.anim using Guid(6fb169791125eb8409d4c9c10cb96fee) Importer(815301076,1909f56bfc062723c751e8b465ee728b)  -> (artifact id: '20030e56f664e91ef868f3b8730ea6fe') in 0.008653 seconds 
  Import took 0.016579 seconds .

========================================================================
Received Import Request.
  Time since last request: 4.971541 seconds.
  path: Assets/Prefabs/Debugger/Debugger_Attack.anim
  artifactKey: Guid(1b65414a8f5e4ff46a679c0a072e1d66) Importer(815301076,1909f56bfc062723c751e8b465ee728b)
Start importing Assets/Prefabs/Debugger/Debugger_Attack.anim using Guid(1b65414a8f5e4ff46a679c0a072e1d66) Importer(815301076,1909f56bfc062723c751e8b465ee728b)  -> (artifact id: 'b4f7ddcdf53d9e260c69c12cfe4db9fa') in 0.010172 seconds 
  Import took 0.017586 seconds .

========================================================================
Received Import Request.
  Time since last request: 1.358127 seconds.
  path: Assets/Prefabs/Debugger/Debugger_Idle.anim
  artifactKey: Guid(f9ce737e7c5ddb644b89dbaf55519a74) Importer(815301076,1909f56bfc062723c751e8b465ee728b)
Start importing Assets/Prefabs/Debugger/Debugger_Idle.anim using Guid(f9ce737e7c5ddb644b89dbaf55519a74) Importer(815301076,1909f56bfc062723c751e8b465ee728b)  -> (artifact id: 'e9957bd6b4ae39bfa7cf027b77150de9') in 0.011808 seconds 
  Import took 0.036867 seconds .

========================================================================
Received Import Request.
  Time since last request: 21.211229 seconds.
  path: Assets/Animation/Beetle/Glide.anim
  artifactKey: Guid(cc189efb2c0ca8847aa74133d5fc44f4) Importer(815301076,1909f56bfc062723c751e8b465ee728b)
Start importing Assets/Animation/Beetle/Glide.anim using Guid(cc189efb2c0ca8847aa74133d5fc44f4) Importer(815301076,1909f56bfc062723c751e8b465ee728b)  -> (artifact id: '102bda11b9d9198dc638b95133248897') in 0.009511 seconds 
  Import took 0.017644 seconds .

========================================================================
Received Import Request.
  Time since last request: 1.470572 seconds.
  path: Assets/Animation/Beetle/Idle.anim
  artifactKey: Guid(3fb6bfb146379e64ab476c431bbba55e) Importer(815301076,1909f56bfc062723c751e8b465ee728b)
Start importing Assets/Animation/Beetle/Idle.anim using Guid(3fb6bfb146379e64ab476c431bbba55e) Importer(815301076,1909f56bfc062723c751e8b465ee728b)  -> (artifact id: 'f1fdd1e197f2e52d127eacc1fd9ac51d') in 0.015703 seconds 
  Import took 0.027045 seconds .

========================================================================
Received Import Request.
  Time since last request: 0.001310 seconds.
  path: Assets/Animation/Beetle/Idle.anim
  artifactKey: Guid(3fb6bfb146379e64ab476c431bbba55e) Importer(815301076,1909f56bfc062723c751e8b465ee728b)
Start importing Assets/Animation/Beetle/Idle.anim using Guid(3fb6bfb146379e64ab476c431bbba55e) Importer(815301076,1909f56bfc062723c751e8b465ee728b)  -> (artifact id: 'f1fdd1e197f2e52d127eacc1fd9ac51d') in 0.013225 seconds 
  Import took 0.020698 seconds .

========================================================================
Received Import Request.
  Time since last request: 2.923318 seconds.
  path: Assets/Animation/Beetle/Jump.anim
  artifactKey: Guid(c3a785cc4ff55044884cfd024ca334a9) Importer(815301076,1909f56bfc062723c751e8b465ee728b)
Start importing Assets/Animation/Beetle/Jump.anim using Guid(c3a785cc4ff55044884cfd024ca334a9) Importer(815301076,1909f56bfc062723c751e8b465ee728b)  -> (artifact id: '46b81abf5f584ac5d3b944fec773c910') in 0.010746 seconds 
  Import took 0.019006 seconds .

========================================================================
Received Prepare
Default GameObject BitMask: UI already registered

Registering precompiled user dll's ...
Registered in 0.012923 seconds.
Begin MonoManager ReloadAssembly
Native extension for WindowsStandalone target not found
Native extension for WebGL target not found
Refreshing native plugins compatible for Editor in 0.87 ms, found 3 plugins.
Preloading 0 native plugins for Editor in 0.00 ms.
Mono: successfully reloaded assembly
- Completed reload, in  1.627 seconds
Domain Reload Profiling:
	ReloadAssembly (1627ms)
		BeginReloadAssembly (133ms)
			ExecutionOrderSort (0ms)
			DisableScriptedObjects (11ms)
			BackupInstance (0ms)
			ReleaseScriptingObjects (0ms)
			CreateAndSetChildDomain (45ms)
		EndReloadAssembly (1414ms)
			LoadAssemblies (139ms)
			RebuildTransferFunctionScriptingTraits (0ms)
			SetupTypeCache (387ms)
			ReleaseScriptCaches (2ms)
			RebuildScriptCaches (66ms)
			SetupLoadedEditorAssemblies (605ms)
				LogAssemblyErrors (0ms)
				InitializePlatformSupportModulesInManaged (6ms)
				SetLoadedEditorAssemblies (0ms)
				RefreshPlugins (1ms)
				BeforeProcessingInitializeOnLoad (154ms)
				ProcessInitializeOnLoadAttributes (431ms)
				ProcessInitializeOnLoadMethodAttributes (6ms)
				AfterProcessingInitializeOnLoad (6ms)
				EditorAssembliesLoaded (0ms)
			ExecutionOrderSort2 (0ms)
			AwakeInstancesAfterBackupRestoration (23ms)
Platform modules already initialized, skipping
Shader 'Universal Render Pipeline/Particles/Lit': fallback shader 'Universal Render Pipeline/Particles/SimpleLit' not found
Refreshing native plugins compatible for Editor in 0.72 ms, found 3 plugins.
Preloading 0 native plugins for Editor in 0.00 ms.
Unloading 3568 Unused Serialized files (Serialized files now loaded: 0)
System memory in use before: 156.2 MB.
System memory in use after: 156.5 MB.

Unloading 18 unused Assets to reduce memory usage. Loaded Objects now: 4268.
Total: 5.685900 ms (FindLiveObjects: 0.386300 ms CreateObjectMapping: 0.198300 ms MarkObjects: 5.072000 ms  DeleteObjects: 0.027600 ms)

AssetImportParameters requested are different than current active one (requested -> active):
  custom:framework-win-MediaFoundation: 216162199b28c13a410421893ffa2e32 -> 
  custom:video-decoder-ogg-theora: a1e56fd34408186e4bbccfd4996cb3dc -> 
  custom:container-muxer-webm: aa71ff27fc2769a1b78a27578f13a17b -> 
  custom:container-demuxer-webm: 4f35f7cbe854078d1ac9338744f61a02 -> 
  custom:container-demuxer-ogg: 62fdf1f143b41e24485cea50d1cbac27 -> 
  custom:video-encoder-webm-vp8: eb34c28f22e8b96e1ab97ce403110664 -> 
  custom:video-decoder-webm-vp8: 9c59270c3fd7afecdb556c50c9e8de78 -> 
  custom:audio-decoder-ogg-vorbis: bf7c407c2cedff20999df2af8eb42d56 -> 
  custom:audio-encoder-webm-vorbis: bf7c407c2cedff20999df2af8eb42d56 -> 
========================================================================
Received Prepare
Default GameObject BitMask: UI already registered

Registering precompiled user dll's ...
Registered in 0.018928 seconds.
Begin MonoManager ReloadAssembly
Native extension for WindowsStandalone target not found
Native extension for WebGL target not found
Refreshing native plugins compatible for Editor in 0.75 ms, found 3 plugins.
Preloading 0 native plugins for Editor in 0.00 ms.
Mono: successfully reloaded assembly
- Completed reload, in  1.712 seconds
Domain Reload Profiling:
	ReloadAssembly (1713ms)
		BeginReloadAssembly (130ms)
			ExecutionOrderSort (0ms)
			DisableScriptedObjects (7ms)
			BackupInstance (0ms)
			ReleaseScriptingObjects (0ms)
			CreateAndSetChildDomain (43ms)
		EndReloadAssembly (1508ms)
			LoadAssemblies (135ms)
			RebuildTransferFunctionScriptingTraits (0ms)
			SetupTypeCache (434ms)
			ReleaseScriptCaches (1ms)
			RebuildScriptCaches (63ms)
			SetupLoadedEditorAssemblies (642ms)
				LogAssemblyErrors (0ms)
				InitializePlatformSupportModulesInManaged (6ms)
				SetLoadedEditorAssemblies (1ms)
				RefreshPlugins (1ms)
				BeforeProcessingInitializeOnLoad (169ms)
				ProcessInitializeOnLoadAttributes (450ms)
				ProcessInitializeOnLoadMethodAttributes (8ms)
				AfterProcessingInitializeOnLoad (7ms)
				EditorAssembliesLoaded (0ms)
			ExecutionOrderSort2 (0ms)
			AwakeInstancesAfterBackupRestoration (25ms)
Platform modules already initialized, skipping
Shader 'Universal Render Pipeline/Particles/Lit': fallback shader 'Universal Render Pipeline/Particles/SimpleLit' not found
Refreshing native plugins compatible for Editor in 0.88 ms, found 3 plugins.
Preloading 0 native plugins for Editor in 0.00 ms.
Unloading 3568 Unused Serialized files (Serialized files now loaded: 0)
System memory in use before: 156.2 MB.
System memory in use after: 156.5 MB.

Unloading 18 unused Assets to reduce memory usage. Loaded Objects now: 4270.
Total: 5.278100 ms (FindLiveObjects: 0.366800 ms CreateObjectMapping: 0.355200 ms MarkObjects: 4.529000 ms  DeleteObjects: 0.025900 ms)

AssetImportParameters requested are different than current active one (requested -> active):
  custom:framework-win-MediaFoundation: 216162199b28c13a410421893ffa2e32 -> 
  custom:video-decoder-ogg-theora: a1e56fd34408186e4bbccfd4996cb3dc -> 
  custom:container-muxer-webm: aa71ff27fc2769a1b78a27578f13a17b -> 
  custom:container-demuxer-webm: 4f35f7cbe854078d1ac9338744f61a02 -> 
  custom:container-demuxer-ogg: 62fdf1f143b41e24485cea50d1cbac27 -> 
  custom:video-encoder-webm-vp8: eb34c28f22e8b96e1ab97ce403110664 -> 
  custom:video-decoder-webm-vp8: 9c59270c3fd7afecdb556c50c9e8de78 -> 
  custom:audio-decoder-ogg-vorbis: bf7c407c2cedff20999df2af8eb42d56 -> 
  custom:audio-encoder-webm-vorbis: bf7c407c2cedff20999df2af8eb42d56 -> 
========================================================================
Received Prepare
Default GameObject BitMask: UI already registered

Registering precompiled user dll's ...
Registered in 0.009859 seconds.
Begin MonoManager ReloadAssembly
Native extension for WindowsStandalone target not found
Native extension for WebGL target not found
Refreshing native plugins compatible for Editor in 0.78 ms, found 3 plugins.
Preloading 0 native plugins for Editor in 0.00 ms.
Mono: successfully reloaded assembly
- Completed reload, in  1.886 seconds
Domain Reload Profiling:
	ReloadAssembly (1887ms)
		BeginReloadAssembly (182ms)
			ExecutionOrderSort (0ms)
			DisableScriptedObjects (8ms)
			BackupInstance (0ms)
			ReleaseScriptingObjects (0ms)
			CreateAndSetChildDomain (47ms)
		EndReloadAssembly (1598ms)
			LoadAssemblies (215ms)
			RebuildTransferFunctionScriptingTraits (0ms)
			SetupTypeCache (541ms)
			ReleaseScriptCaches (3ms)
			RebuildScriptCaches (96ms)
			SetupLoadedEditorAssemblies (559ms)
				LogAssemblyErrors (0ms)
				InitializePlatformSupportModulesInManaged (5ms)
				SetLoadedEditorAssemblies (0ms)
				RefreshPlugins (1ms)
				BeforeProcessingInitializeOnLoad (137ms)
				ProcessInitializeOnLoadAttributes (403ms)
				ProcessInitializeOnLoadMethodAttributes (6ms)
				AfterProcessingInitializeOnLoad (6ms)
				EditorAssembliesLoaded (0ms)
			ExecutionOrderSort2 (0ms)
			AwakeInstancesAfterBackupRestoration (22ms)
Platform modules already initialized, skipping
Shader 'Universal Render Pipeline/Particles/Lit': fallback shader 'Universal Render Pipeline/Particles/SimpleLit' not found
Refreshing native plugins compatible for Editor in 0.75 ms, found 3 plugins.
Preloading 0 native plugins for Editor in 0.00 ms.
Unloading 3568 Unused Serialized files (Serialized files now loaded: 0)
System memory in use before: 156.2 MB.
System memory in use after: 156.5 MB.

Unloading 18 unused Assets to reduce memory usage. Loaded Objects now: 4272.
Total: 4.629500 ms (FindLiveObjects: 0.362500 ms CreateObjectMapping: 0.300400 ms MarkObjects: 3.916700 ms  DeleteObjects: 0.048800 ms)

AssetImportParameters requested are different than current active one (requested -> active):
  custom:framework-win-MediaFoundation: 216162199b28c13a410421893ffa2e32 -> 
  custom:video-decoder-ogg-theora: a1e56fd34408186e4bbccfd4996cb3dc -> 
  custom:container-muxer-webm: aa71ff27fc2769a1b78a27578f13a17b -> 
  custom:container-demuxer-webm: 4f35f7cbe854078d1ac9338744f61a02 -> 
  custom:container-demuxer-ogg: 62fdf1f143b41e24485cea50d1cbac27 -> 
  custom:video-encoder-webm-vp8: eb34c28f22e8b96e1ab97ce403110664 -> 
  custom:video-decoder-webm-vp8: 9c59270c3fd7afecdb556c50c9e8de78 -> 
  custom:audio-decoder-ogg-vorbis: bf7c407c2cedff20999df2af8eb42d56 -> 
  custom:audio-encoder-webm-vorbis: bf7c407c2cedff20999df2af8eb42d56 -> 
========================================================================
Received Prepare
Default GameObject BitMask: UI already registered

Registering precompiled user dll's ...
Registered in 0.010364 seconds.
Begin MonoManager ReloadAssembly
Native extension for WindowsStandalone target not found
Native extension for WebGL target not found
Refreshing native plugins compatible for Editor in 0.88 ms, found 3 plugins.
Preloading 0 native plugins for Editor in 0.00 ms.
Mono: successfully reloaded assembly
- Completed reload, in  1.647 seconds
Domain Reload Profiling:
	ReloadAssembly (1647ms)
		BeginReloadAssembly (147ms)
			ExecutionOrderSort (0ms)
			DisableScriptedObjects (7ms)
			BackupInstance (0ms)
			ReleaseScriptingObjects (0ms)
			CreateAndSetChildDomain (48ms)
		EndReloadAssembly (1421ms)
			LoadAssemblies (149ms)
			RebuildTransferFunctionScriptingTraits (0ms)
			SetupTypeCache (421ms)
			ReleaseScriptCaches (2ms)
			RebuildScriptCaches (58ms)
			SetupLoadedEditorAssemblies (599ms)
				LogAssemblyErrors (0ms)
				InitializePlatformSupportModulesInManaged (6ms)
				SetLoadedEditorAssemblies (0ms)
				RefreshPlugins (1ms)
				BeforeProcessingInitializeOnLoad (146ms)
				ProcessInitializeOnLoadAttributes (434ms)
				ProcessInitializeOnLoadMethodAttributes (6ms)
				AfterProcessingInitializeOnLoad (6ms)
				EditorAssembliesLoaded (0ms)
			ExecutionOrderSort2 (0ms)
			AwakeInstancesAfterBackupRestoration (21ms)
Platform modules already initialized, skipping
Shader 'Universal Render Pipeline/Particles/Lit': fallback shader 'Universal Render Pipeline/Particles/SimpleLit' not found
Refreshing native plugins compatible for Editor in 0.98 ms, found 3 plugins.
Preloading 0 native plugins for Editor in 0.00 ms.
Unloading 3568 Unused Serialized files (Serialized files now loaded: 0)
System memory in use before: 156.2 MB.
System memory in use after: 156.5 MB.

Unloading 18 unused Assets to reduce memory usage. Loaded Objects now: 4274.
Total: 4.345800 ms (FindLiveObjects: 0.355800 ms CreateObjectMapping: 0.207100 ms MarkObjects: 3.757300 ms  DeleteObjects: 0.024600 ms)

AssetImportParameters requested are different than current active one (requested -> active):
  custom:framework-win-MediaFoundation: 216162199b28c13a410421893ffa2e32 -> 
  custom:video-decoder-ogg-theora: a1e56fd34408186e4bbccfd4996cb3dc -> 
  custom:container-muxer-webm: aa71ff27fc2769a1b78a27578f13a17b -> 
  custom:container-demuxer-webm: 4f35f7cbe854078d1ac9338744f61a02 -> 
  custom:container-demuxer-ogg: 62fdf1f143b41e24485cea50d1cbac27 -> 
  custom:video-encoder-webm-vp8: eb34c28f22e8b96e1ab97ce403110664 -> 
  custom:video-decoder-webm-vp8: 9c59270c3fd7afecdb556c50c9e8de78 -> 
  custom:audio-decoder-ogg-vorbis: bf7c407c2cedff20999df2af8eb42d56 -> 
  custom:audio-encoder-webm-vorbis: bf7c407c2cedff20999df2af8eb42d56 -> 
========================================================================
Received Prepare
Default GameObject BitMask: UI already registered

Registering precompiled user dll's ...
Registered in 0.009732 seconds.
Begin MonoManager ReloadAssembly
Native extension for WindowsStandalone target not found
Native extension for WebGL target not found
Refreshing native plugins compatible for Editor in 0.75 ms, found 3 plugins.
Preloading 0 native plugins for Editor in 0.00 ms.
Mono: successfully reloaded assembly
- Completed reload, in  1.581 seconds
Domain Reload Profiling:
	ReloadAssembly (1581ms)
		BeginReloadAssembly (139ms)
			ExecutionOrderSort (0ms)
			DisableScriptedObjects (8ms)
			BackupInstance (0ms)
			ReleaseScriptingObjects (0ms)
			CreateAndSetChildDomain (45ms)
		EndReloadAssembly (1366ms)
			LoadAssemblies (137ms)
			RebuildTransferFunctionScriptingTraits (0ms)
			SetupTypeCache (411ms)
			ReleaseScriptCaches (2ms)
			RebuildScriptCaches (58ms)
			SetupLoadedEditorAssemblies (563ms)
				LogAssemblyErrors (0ms)
				InitializePlatformSupportModulesInManaged (6ms)
				SetLoadedEditorAssemblies (0ms)
				RefreshPlugins (1ms)
				BeforeProcessingInitializeOnLoad (158ms)
				ProcessInitializeOnLoadAttributes (383ms)
				ProcessInitializeOnLoadMethodAttributes (7ms)
				AfterProcessingInitializeOnLoad (7ms)
				EditorAssembliesLoaded (0ms)
			ExecutionOrderSort2 (0ms)
			AwakeInstancesAfterBackupRestoration (24ms)
Platform modules already initialized, skipping
Shader 'Universal Render Pipeline/Particles/Lit': fallback shader 'Universal Render Pipeline/Particles/SimpleLit' not found
Refreshing native plugins compatible for Editor in 0.76 ms, found 3 plugins.
Preloading 0 native plugins for Editor in 0.00 ms.
Unloading 3568 Unused Serialized files (Serialized files now loaded: 0)
System memory in use before: 156.3 MB.
System memory in use after: 156.6 MB.

Unloading 18 unused Assets to reduce memory usage. Loaded Objects now: 4276.
Total: 4.819700 ms (FindLiveObjects: 0.386000 ms CreateObjectMapping: 0.215100 ms MarkObjects: 4.188600 ms  DeleteObjects: 0.028100 ms)

AssetImportParameters requested are different than current active one (requested -> active):
  custom:framework-win-MediaFoundation: 216162199b28c13a410421893ffa2e32 -> 
  custom:video-decoder-ogg-theora: a1e56fd34408186e4bbccfd4996cb3dc -> 
  custom:container-muxer-webm: aa71ff27fc2769a1b78a27578f13a17b -> 
  custom:container-demuxer-webm: 4f35f7cbe854078d1ac9338744f61a02 -> 
  custom:container-demuxer-ogg: 62fdf1f143b41e24485cea50d1cbac27 -> 
  custom:video-encoder-webm-vp8: eb34c28f22e8b96e1ab97ce403110664 -> 
  custom:video-decoder-webm-vp8: 9c59270c3fd7afecdb556c50c9e8de78 -> 
  custom:audio-decoder-ogg-vorbis: bf7c407c2cedff20999df2af8eb42d56 -> 
  custom:audio-encoder-webm-vorbis: bf7c407c2cedff20999df2af8eb42d56 -> 
========================================================================
Received Prepare
Default GameObject BitMask: UI already registered

Registering precompiled user dll's ...
Registered in 0.014164 seconds.
Begin MonoManager ReloadAssembly
Native extension for WindowsStandalone target not found
Native extension for WebGL target not found
Refreshing native plugins compatible for Editor in 1.08 ms, found 3 plugins.
Preloading 0 native plugins for Editor in 0.00 ms.
Mono: successfully reloaded assembly
- Completed reload, in  1.680 seconds
Domain Reload Profiling:
	ReloadAssembly (1681ms)
		BeginReloadAssembly (127ms)
			ExecutionOrderSort (0ms)
			DisableScriptedObjects (7ms)
			BackupInstance (0ms)
			ReleaseScriptingObjects (0ms)
			CreateAndSetChildDomain (41ms)
		EndReloadAssembly (1481ms)
			LoadAssemblies (146ms)
			RebuildTransferFunctionScriptingTraits (0ms)
			SetupTypeCache (464ms)
			ReleaseScriptCaches (2ms)
			RebuildScriptCaches (58ms)
			SetupLoadedEditorAssemblies (581ms)
				LogAssemblyErrors (0ms)
				InitializePlatformSupportModulesInManaged (9ms)
				SetLoadedEditorAssemblies (1ms)
				RefreshPlugins (1ms)
				BeforeProcessingInitializeOnLoad (149ms)
				ProcessInitializeOnLoadAttributes (408ms)
				ProcessInitializeOnLoadMethodAttributes (7ms)
				AfterProcessingInitializeOnLoad (6ms)
				EditorAssembliesLoaded (0ms)
			ExecutionOrderSort2 (0ms)
			AwakeInstancesAfterBackupRestoration (22ms)
Platform modules already initialized, skipping
Shader 'Universal Render Pipeline/Particles/Lit': fallback shader 'Universal Render Pipeline/Particles/SimpleLit' not found
Refreshing native plugins compatible for Editor in 0.71 ms, found 3 plugins.
Preloading 0 native plugins for Editor in 0.00 ms.
Unloading 3568 Unused Serialized files (Serialized files now loaded: 0)
System memory in use before: 156.3 MB.
System memory in use after: 156.6 MB.

Unloading 18 unused Assets to reduce memory usage. Loaded Objects now: 4278.
Total: 4.341200 ms (FindLiveObjects: 0.366800 ms CreateObjectMapping: 0.203300 ms MarkObjects: 3.712100 ms  DeleteObjects: 0.057700 ms)

AssetImportParameters requested are different than current active one (requested -> active):
  custom:framework-win-MediaFoundation: 216162199b28c13a410421893ffa2e32 -> 
  custom:video-decoder-ogg-theora: a1e56fd34408186e4bbccfd4996cb3dc -> 
  custom:container-muxer-webm: aa71ff27fc2769a1b78a27578f13a17b -> 
  custom:container-demuxer-webm: 4f35f7cbe854078d1ac9338744f61a02 -> 
  custom:container-demuxer-ogg: 62fdf1f143b41e24485cea50d1cbac27 -> 
  custom:video-encoder-webm-vp8: eb34c28f22e8b96e1ab97ce403110664 -> 
  custom:video-decoder-webm-vp8: 9c59270c3fd7afecdb556c50c9e8de78 -> 
  custom:audio-decoder-ogg-vorbis: bf7c407c2cedff20999df2af8eb42d56 -> 
  custom:audio-encoder-webm-vorbis: bf7c407c2cedff20999df2af8eb42d56 -> 
